---------------------------------------------------------------
[ 2017-06-16T16:40:26+08:00 ] 127.0.0.1 127.0.0.1 GET /admin.php/huayan/index/down/id/129.html
[ info ] 127.0.0.1:8010/admin.php/huayan/index/down/id/129.html [运行时间：0.143008s][吞吐率：6.99req/s] [内存消耗：6,256.71kb] [文件加载：71]
[ info ] [ CACHE ] INIT File
[ info ] [ LANG ] F:\web\huayan\thinkphp\lang\zh-cn.php
[ info ] [ ROUTE ] array (
  'type' => 'module',
  'module' => 
  array (
    0 => 'huayan',
    1 => 'index',
    2 => 'down',
  ),
)
[ info ] [ HEADER ] array (
  'host' => '127.0.0.1:8010',
  'connection' => 'keep-alive',
  'cache-control' => 'max-age=0',
  'accept' => 'text/html,application/xhtml+xml,application/xml;q=0.9,image/webp,*/*;q=0.8',
  'upgrade-insecure-requests' => '1',
  'user-agent' => 'Mozilla/5.0 (Windows NT 6.1; WOW64) AppleWebKit/537.36 (KHTML, like Gecko) Chrome/50.0.2661.102 Safari/537.36',
  'referer' => 'http://127.0.0.1:8010/admin.php/huayan/index/hylist.html',
  'accept-encoding' => 'gzip, deflate, sdch',
  'accept-language' => 'zh-CN,zh;q=0.8',
  'cookie' => 'PHPSESSID=1485rjc4f8jrtfbq8n601h2jf4; dolphin_home___forward__=%2Fadmin.php%2Fadmin%2Fmenu%2Findex%2Fgroup%2Fhuayan.html',
)
[ info ] [ PARAM ] array (
  'id' => '129',
)
[ info ] [ DB ] INIT mysql
[ info ] [ BEHAVIOR ] Run app\common\behavior\Config @app_begin [ RunTime:0.035002s ]
[ info ] [ BEHAVIOR ] Run app\common\behavior\Hook @app_begin [ RunTime:0.022001s ]
[ info ] [ SESSION ] INIT array (
  'id' => '',
  'var_session_id' => '',
  'prefix' => 'dolphin_admin_',
  'type' => '',
  'auto_start' => true,
)
[ info ] [ RUN ] app\huayan\admin\Index->down[ F:\web\huayan\application\huayan\admin\Index.php ]
[ info ] [ LOG ] INIT File
[ sql ] [ DB ] CONNECT:[ UseTime:0.001000s ] mysql:dbname=huayan;host=127.0.0.1;port=3306;charset=utf8
[ sql ] [ SQL ] SHOW COLUMNS FROM `hy_admin_config` [ RunTime:0.005000s ]
[ sql ] [ SQL ] SELECT `name`,`value`,`type` FROM `hy_admin_config` [ RunTime:0.000000s ]
[ sql ] [ SQL ] SHOW COLUMNS FROM `hy_admin_module` [ RunTime:0.005001s ]
[ sql ] [ SQL ] SELECT `name`,`config` FROM `hy_admin_module` WHERE  `config` <> '' [ RunTime:0.001000s ]
[ sql ] [ SQL ] SHOW COLUMNS FROM `hy_admin_hook` [ RunTime:0.006000s ]
[ sql ] [ SQL ] SELECT `name`,`status` FROM `hy_admin_hook` WHERE  `status` = 1 [ RunTime:0.001000s ]
[ sql ] [ SQL ] SHOW COLUMNS FROM `hy_admin_plugin` [ RunTime:0.005001s ]
[ sql ] [ SQL ] SELECT `name`,`status` FROM `hy_admin_plugin` WHERE  `status` = 1 [ RunTime:0.000000s ]
[ sql ] [ SQL ] SHOW COLUMNS FROM `hy_admin_hook_plugin` [ RunTime:0.005000s ]
[ sql ] [ SQL ] SELECT * FROM `hy_admin_hook_plugin` WHERE  `status` = 1 ORDER BY hook,sort [ RunTime:0.000000s ]
[ sql ] [ SQL ] SHOW COLUMNS FROM `hy_admin_menu` [ RunTime:0.003000s ]
[ sql ] [ SQL ] SELECT `id`,`pid`,`module`,`title`,`url_value`,`url_type`,`url_target`,`icon` FROM `hy_admin_menu` WHERE  `status` = 1  AND `pid` = 0 ORDER BY sort,id LIMIT 10 [ RunTime:0.000000s ]
[ sql ] [ SQL ] SELECT `id`,`pid`,`module`,`title`,`url_value`,`url_type`,`url_target`,`icon` FROM `hy_admin_menu` WHERE  `status` = 1  AND `pid` = 0 ORDER BY sort,id [ RunTime:0.001000s ]
[ sql ] [ SQL ] SELECT `id` FROM `hy_admin_menu` WHERE  `pid` <> 0  AND `url_value` = 'huayan/index/down' LIMIT 1 [ RunTime:0.000000s ]
[ sql ] [ SQL ] SELECT `id`,`pid`,`title`,`url_value` FROM `hy_admin_menu` [ RunTime:0.001000s ]
[ sql ] [ SQL ] SELECT `id`,`pid`,`module`,`title`,`url_value`,`url_type`,`url_target`,`icon` FROM `hy_admin_menu` WHERE  `status` = 1  AND `module` = 'huayan' ORDER BY sort,id [ RunTime:0.001000s ]
[ sql ] [ SQL ] SELECT `id` FROM `hy_admin_menu` WHERE  `pid` <> 0  AND `url_value` = 'huayan/index/down' LIMIT 1 [ RunTime:0.000000s ]
[ sql ] [ SQL ] SELECT `id`,`pid`,`title`,`url_value` FROM `hy_admin_menu` [ RunTime:0.000000s ]
[ sql ] [ SQL ] SELECT `value` FROM `hy_admin_config` WHERE  `id` = 1 LIMIT 1 [ RunTime:0.001000s ]
[ error ] [8]未定义数组下标: 2[F:\web\huayan\application\common.php:719]
---------------------------------------------------------------
[ 2017-06-16T16:40:34+08:00 ] 127.0.0.1 127.0.0.1 GET /admin.php/huayan/index/down/id/129.html
[ info ] 127.0.0.1:8010/admin.php/huayan/index/down/id/129.html [运行时间：0.118007s][吞吐率：8.47req/s] [内存消耗：6,256.63kb] [文件加载：71]
[ info ] [ CACHE ] INIT File
[ info ] [ LANG ] F:\web\huayan\thinkphp\lang\zh-cn.php
[ info ] [ ROUTE ] array (
  'type' => 'module',
  'module' => 
  array (
    0 => 'huayan',
    1 => 'index',
    2 => 'down',
  ),
)
[ info ] [ HEADER ] array (
  'host' => '127.0.0.1:8010',
  'connection' => 'keep-alive',
  'cache-control' => 'max-age=0',
  'accept' => 'text/html,application/xhtml+xml,application/xml;q=0.9,image/webp,*/*;q=0.8',
  'upgrade-insecure-requests' => '1',
  'user-agent' => 'Mozilla/5.0 (Windows NT 6.1; WOW64) AppleWebKit/537.36 (KHTML, like Gecko) Chrome/50.0.2661.102 Safari/537.36',
  'referer' => 'http://127.0.0.1:8010/admin.php/huayan/index/hylist.html',
  'accept-encoding' => 'gzip, deflate, sdch',
  'accept-language' => 'zh-CN,zh;q=0.8',
  'cookie' => 'PHPSESSID=1485rjc4f8jrtfbq8n601h2jf4; dolphin_home___forward__=%2Fadmin.php%2Fadmin%2Fmenu%2Findex%2Fgroup%2Fhuayan.html',
)
[ info ] [ PARAM ] array (
  'id' => '129',
)
[ info ] [ DB ] INIT mysql
[ info ] [ BEHAVIOR ] Run app\common\behavior\Config @app_begin [ RunTime:0.035002s ]
[ info ] [ BEHAVIOR ] Run app\common\behavior\Hook @app_begin [ RunTime:0.017001s ]
[ info ] [ SESSION ] INIT array (
  'id' => '',
  'var_session_id' => '',
  'prefix' => 'dolphin_admin_',
  'type' => '',
  'auto_start' => true,
)
[ info ] [ RUN ] app\huayan\admin\Index->down[ F:\web\huayan\application\huayan\admin\Index.php ]
[ info ] [ LOG ] INIT File
[ sql ] [ DB ] CONNECT:[ UseTime:0.011001s ] mysql:dbname=huayan;host=127.0.0.1;port=3306;charset=utf8
[ sql ] [ SQL ] SHOW COLUMNS FROM `hy_admin_config` [ RunTime:0.004000s ]
[ sql ] [ SQL ] SELECT `name`,`value`,`type` FROM `hy_admin_config` [ RunTime:0.000000s ]
[ sql ] [ SQL ] SHOW COLUMNS FROM `hy_admin_module` [ RunTime:0.003000s ]
[ sql ] [ SQL ] SELECT `name`,`config` FROM `hy_admin_module` WHERE  `config` <> '' [ RunTime:0.000000s ]
[ sql ] [ SQL ] SHOW COLUMNS FROM `hy_admin_hook` [ RunTime:0.004000s ]
[ sql ] [ SQL ] SELECT `name`,`status` FROM `hy_admin_hook` WHERE  `status` = 1 [ RunTime:0.000000s ]
[ sql ] [ SQL ] SHOW COLUMNS FROM `hy_admin_plugin` [ RunTime:0.003000s ]
[ sql ] [ SQL ] SELECT `name`,`status` FROM `hy_admin_plugin` WHERE  `status` = 1 [ RunTime:0.000000s ]
[ sql ] [ SQL ] SHOW COLUMNS FROM `hy_admin_hook_plugin` [ RunTime:0.004000s ]
[ sql ] [ SQL ] SELECT * FROM `hy_admin_hook_plugin` WHERE  `status` = 1 ORDER BY hook,sort [ RunTime:0.001001s ]
[ sql ] [ SQL ] SHOW COLUMNS FROM `hy_admin_menu` [ RunTime:0.005000s ]
[ sql ] [ SQL ] SELECT `id`,`pid`,`module`,`title`,`url_value`,`url_type`,`url_target`,`icon` FROM `hy_admin_menu` WHERE  `status` = 1  AND `pid` = 0 ORDER BY sort,id LIMIT 10 [ RunTime:0.001000s ]
[ sql ] [ SQL ] SELECT `id`,`pid`,`module`,`title`,`url_value`,`url_type`,`url_target`,`icon` FROM `hy_admin_menu` WHERE  `status` = 1  AND `pid` = 0 ORDER BY sort,id [ RunTime:0.000000s ]
[ sql ] [ SQL ] SELECT `id` FROM `hy_admin_menu` WHERE  `pid` <> 0  AND `url_value` = 'huayan/index/down' LIMIT 1 [ RunTime:0.000000s ]
[ sql ] [ SQL ] SELECT `id`,`pid`,`title`,`url_value` FROM `hy_admin_menu` [ RunTime:0.001000s ]
[ sql ] [ SQL ] SELECT `id`,`pid`,`module`,`title`,`url_value`,`url_type`,`url_target`,`icon` FROM `hy_admin_menu` WHERE  `status` = 1  AND `module` = 'huayan' ORDER BY sort,id [ RunTime:0.000000s ]
[ sql ] [ SQL ] SELECT `id` FROM `hy_admin_menu` WHERE  `pid` <> 0  AND `url_value` = 'huayan/index/down' LIMIT 1 [ RunTime:0.000000s ]
[ sql ] [ SQL ] SELECT `id`,`pid`,`title`,`url_value` FROM `hy_admin_menu` [ RunTime:0.000000s ]
[ sql ] [ SQL ] SELECT `value` FROM `hy_admin_config` WHERE  `id` = 1 LIMIT 1 [ RunTime:0.001000s ]
[ error ] [8]未定义数组下标: 2[F:\web\huayan\application\common.php:719]
---------------------------------------------------------------
[ 2017-06-16T16:40:34+08:00 ] 127.0.0.1 127.0.0.1 GET /admin.php/huayan/index/down/id/129.html
[ info ] 127.0.0.1:8010/admin.php/huayan/index/down/id/129.html [运行时间：0.101005s][吞吐率：9.90req/s] [内存消耗：6,256.63kb] [文件加载：71]
[ info ] [ CACHE ] INIT File
[ info ] [ LANG ] F:\web\huayan\thinkphp\lang\zh-cn.php
[ info ] [ ROUTE ] array (
  'type' => 'module',
  'module' => 
  array (
    0 => 'huayan',
    1 => 'index',
    2 => 'down',
  ),
)
[ info ] [ HEADER ] array (
  'host' => '127.0.0.1:8010',
  'connection' => 'keep-alive',
  'cache-control' => 'max-age=0',
  'accept' => 'text/html,application/xhtml+xml,application/xml;q=0.9,image/webp,*/*;q=0.8',
  'upgrade-insecure-requests' => '1',
  'user-agent' => 'Mozilla/5.0 (Windows NT 6.1; WOW64) AppleWebKit/537.36 (KHTML, like Gecko) Chrome/50.0.2661.102 Safari/537.36',
  'referer' => 'http://127.0.0.1:8010/admin.php/huayan/index/hylist.html',
  'accept-encoding' => 'gzip, deflate, sdch',
  'accept-language' => 'zh-CN,zh;q=0.8',
  'cookie' => 'PHPSESSID=1485rjc4f8jrtfbq8n601h2jf4; dolphin_home___forward__=%2Fadmin.php%2Fadmin%2Fmenu%2Findex%2Fgroup%2Fhuayan.html',
)
[ info ] [ PARAM ] array (
  'id' => '129',
)
[ info ] [ DB ] INIT mysql
[ info ] [ BEHAVIOR ] Run app\common\behavior\Config @app_begin [ RunTime:0.025001s ]
[ info ] [ BEHAVIOR ] Run app\common\behavior\Hook @app_begin [ RunTime:0.017001s ]
[ info ] [ SESSION ] INIT array (
  'id' => '',
  'var_session_id' => '',
  'prefix' => 'dolphin_admin_',
  'type' => '',
  'auto_start' => true,
)
[ info ] [ RUN ] app\huayan\admin\Index->down[ F:\web\huayan\application\huayan\admin\Index.php ]
[ info ] [ LOG ] INIT File
[ sql ] [ DB ] CONNECT:[ UseTime:0.000000s ] mysql:dbname=huayan;host=127.0.0.1;port=3306;charset=utf8
[ sql ] [ SQL ] SHOW COLUMNS FROM `hy_admin_config` [ RunTime:0.005000s ]
[ sql ] [ SQL ] SELECT `name`,`value`,`type` FROM `hy_admin_config` [ RunTime:0.001000s ]
[ sql ] [ SQL ] SHOW COLUMNS FROM `hy_admin_module` [ RunTime:0.004000s ]
[ sql ] [ SQL ] SELECT `name`,`config` FROM `hy_admin_module` WHERE  `config` <> '' [ RunTime:0.000000s ]
[ sql ] [ SQL ] SHOW COLUMNS FROM `hy_admin_hook` [ RunTime:0.004001s ]
[ sql ] [ SQL ] SELECT `name`,`status` FROM `hy_admin_hook` WHERE  `status` = 1 [ RunTime:0.000000s ]
[ sql ] [ SQL ] SHOW COLUMNS FROM `hy_admin_plugin` [ RunTime:0.004000s ]
[ sql ] [ SQL ] SELECT `name`,`status` FROM `hy_admin_plugin` WHERE  `status` = 1 [ RunTime:0.001000s ]
[ sql ] [ SQL ] SHOW COLUMNS FROM `hy_admin_hook_plugin` [ RunTime:0.003000s ]
[ sql ] [ SQL ] SELECT * FROM `hy_admin_hook_plugin` WHERE  `status` = 1 ORDER BY hook,sort [ RunTime:0.000000s ]
[ sql ] [ SQL ] SHOW COLUMNS FROM `hy_admin_menu` [ RunTime:0.004000s ]
[ sql ] [ SQL ] SELECT `id`,`pid`,`module`,`title`,`url_value`,`url_type`,`url_target`,`icon` FROM `hy_admin_menu` WHERE  `status` = 1  AND `pid` = 0 ORDER BY sort,id LIMIT 10 [ RunTime:0.000000s ]
[ sql ] [ SQL ] SELECT `id`,`pid`,`module`,`title`,`url_value`,`url_type`,`url_target`,`icon` FROM `hy_admin_menu` WHERE  `status` = 1  AND `pid` = 0 ORDER BY sort,id [ RunTime:0.001000s ]
[ sql ] [ SQL ] SELECT `id` FROM `hy_admin_menu` WHERE  `pid` <> 0  AND `url_value` = 'huayan/index/down' LIMIT 1 [ RunTime:0.000000s ]
[ sql ] [ SQL ] SELECT `id`,`pid`,`title`,`url_value` FROM `hy_admin_menu` [ RunTime:0.000000s ]
[ sql ] [ SQL ] SELECT `id`,`pid`,`module`,`title`,`url_value`,`url_type`,`url_target`,`icon` FROM `hy_admin_menu` WHERE  `status` = 1  AND `module` = 'huayan' ORDER BY sort,id [ RunTime:0.000000s ]
[ sql ] [ SQL ] SELECT `id` FROM `hy_admin_menu` WHERE  `pid` <> 0  AND `url_value` = 'huayan/index/down' LIMIT 1 [ RunTime:0.000000s ]
[ sql ] [ SQL ] SELECT `id`,`pid`,`title`,`url_value` FROM `hy_admin_menu` [ RunTime:0.000000s ]
[ sql ] [ SQL ] SELECT `value` FROM `hy_admin_config` WHERE  `id` = 1 LIMIT 1 [ RunTime:0.000000s ]
[ error ] [8]未定义数组下标: 2[F:\web\huayan\application\common.php:719]
---------------------------------------------------------------
[ 2017-06-16T16:40:45+08:00 ] 127.0.0.1 127.0.0.1 GET /admin.php/huayan/index/down/id/129.html
[ info ] 127.0.0.1:8010/admin.php/huayan/index/down/id/129.html [运行时间：0.124007s][吞吐率：8.06req/s] [内存消耗：6,256.52kb] [文件加载：71]
[ info ] [ CACHE ] INIT File
[ info ] [ LANG ] F:\web\huayan\thinkphp\lang\zh-cn.php
[ info ] [ ROUTE ] array (
  'type' => 'module',
  'module' => 
  array (
    0 => 'huayan',
    1 => 'index',
    2 => 'down',
  ),
)
[ info ] [ HEADER ] array (
  'host' => '127.0.0.1:8010',
  'connection' => 'keep-alive',
  'cache-control' => 'max-age=0',
  'accept' => 'text/html,application/xhtml+xml,application/xml;q=0.9,image/webp,*/*;q=0.8',
  'upgrade-insecure-requests' => '1',
  'user-agent' => 'Mozilla/5.0 (Windows NT 6.1; WOW64) AppleWebKit/537.36 (KHTML, like Gecko) Chrome/50.0.2661.102 Safari/537.36',
  'referer' => 'http://127.0.0.1:8010/admin.php/huayan/index/hylist.html',
  'accept-encoding' => 'gzip, deflate, sdch',
  'accept-language' => 'zh-CN,zh;q=0.8',
  'cookie' => 'PHPSESSID=1485rjc4f8jrtfbq8n601h2jf4; dolphin_home___forward__=%2Fadmin.php%2Fadmin%2Fmenu%2Findex%2Fgroup%2Fhuayan.html',
)
[ info ] [ PARAM ] array (
  'id' => '129',
)
[ info ] [ DB ] INIT mysql
[ info ] [ BEHAVIOR ] Run app\common\behavior\Config @app_begin [ RunTime:0.036002s ]
[ info ] [ BEHAVIOR ] Run app\common\behavior\Hook @app_begin [ RunTime:0.018001s ]
[ info ] [ SESSION ] INIT array (
  'id' => '',
  'var_session_id' => '',
  'prefix' => 'dolphin_admin_',
  'type' => '',
  'auto_start' => true,
)
[ info ] [ RUN ] app\huayan\admin\Index->down[ F:\web\huayan\application\huayan\admin\Index.php ]
[ info ] [ LOG ] INIT File
[ sql ] [ DB ] CONNECT:[ UseTime:0.011000s ] mysql:dbname=huayan;host=127.0.0.1;port=3306;charset=utf8
[ sql ] [ SQL ] SHOW COLUMNS FROM `hy_admin_config` [ RunTime:0.005001s ]
[ sql ] [ SQL ] SELECT `name`,`value`,`type` FROM `hy_admin_config` [ RunTime:0.000000s ]
[ sql ] [ SQL ] SHOW COLUMNS FROM `hy_admin_module` [ RunTime:0.003000s ]
[ sql ] [ SQL ] SELECT `name`,`config` FROM `hy_admin_module` WHERE  `config` <> '' [ RunTime:0.000000s ]
[ sql ] [ SQL ] SHOW COLUMNS FROM `hy_admin_hook` [ RunTime:0.003000s ]
[ sql ] [ SQL ] SELECT `name`,`status` FROM `hy_admin_hook` WHERE  `status` = 1 [ RunTime:0.000000s ]
[ sql ] [ SQL ] SHOW COLUMNS FROM `hy_admin_plugin` [ RunTime:0.005001s ]
[ sql ] [ SQL ] SELECT `name`,`status` FROM `hy_admin_plugin` WHERE  `status` = 1 [ RunTime:0.000000s ]
[ sql ] [ SQL ] SHOW COLUMNS FROM `hy_admin_hook_plugin` [ RunTime:0.004000s ]
[ sql ] [ SQL ] SELECT * FROM `hy_admin_hook_plugin` WHERE  `status` = 1 ORDER BY hook,sort [ RunTime:0.000000s ]
[ sql ] [ SQL ] SHOW COLUMNS FROM `hy_admin_menu` [ RunTime:0.004000s ]
[ sql ] [ SQL ] SELECT `id`,`pid`,`module`,`title`,`url_value`,`url_type`,`url_target`,`icon` FROM `hy_admin_menu` WHERE  `status` = 1  AND `pid` = 0 ORDER BY sort,id LIMIT 10 [ RunTime:0.000000s ]
[ sql ] [ SQL ] SELECT `id`,`pid`,`module`,`title`,`url_value`,`url_type`,`url_target`,`icon` FROM `hy_admin_menu` WHERE  `status` = 1  AND `pid` = 0 ORDER BY sort,id [ RunTime:0.000000s ]
[ sql ] [ SQL ] SELECT `id` FROM `hy_admin_menu` WHERE  `pid` <> 0  AND `url_value` = 'huayan/index/down' LIMIT 1 [ RunTime:0.000000s ]
[ sql ] [ SQL ] SELECT `id`,`pid`,`title`,`url_value` FROM `hy_admin_menu` [ RunTime:0.001000s ]
[ sql ] [ SQL ] SELECT `id`,`pid`,`module`,`title`,`url_value`,`url_type`,`url_target`,`icon` FROM `hy_admin_menu` WHERE  `status` = 1  AND `module` = 'huayan' ORDER BY sort,id [ RunTime:0.001001s ]
[ sql ] [ SQL ] SELECT `id` FROM `hy_admin_menu` WHERE  `pid` <> 0  AND `url_value` = 'huayan/index/down' LIMIT 1 [ RunTime:0.001000s ]
[ sql ] [ SQL ] SELECT `id`,`pid`,`title`,`url_value` FROM `hy_admin_menu` [ RunTime:0.001000s ]
[ sql ] [ SQL ] SELECT `value` FROM `hy_admin_config` WHERE  `id` = 1 LIMIT 1 [ RunTime:0.000000s ]
[ error ] [8]未定义数组下标: 2[F:\web\huayan\application\common.php:719]
---------------------------------------------------------------
[ 2017-06-16T16:40:46+08:00 ] 127.0.0.1 127.0.0.1 GET /admin.php/huayan/index/down/id/129.html
[ info ] 127.0.0.1:8010/admin.php/huayan/index/down/id/129.html [运行时间：0.133007s][吞吐率：7.52req/s] [内存消耗：6,256.52kb] [文件加载：71]
[ info ] [ CACHE ] INIT File
[ info ] [ LANG ] F:\web\huayan\thinkphp\lang\zh-cn.php
[ info ] [ ROUTE ] array (
  'type' => 'module',
  'module' => 
  array (
    0 => 'huayan',
    1 => 'index',
    2 => 'down',
  ),
)
[ info ] [ HEADER ] array (
  'host' => '127.0.0.1:8010',
  'connection' => 'keep-alive',
  'cache-control' => 'max-age=0',
  'accept' => 'text/html,application/xhtml+xml,application/xml;q=0.9,image/webp,*/*;q=0.8',
  'upgrade-insecure-requests' => '1',
  'user-agent' => 'Mozilla/5.0 (Windows NT 6.1; WOW64) AppleWebKit/537.36 (KHTML, like Gecko) Chrome/50.0.2661.102 Safari/537.36',
  'referer' => 'http://127.0.0.1:8010/admin.php/huayan/index/hylist.html',
  'accept-encoding' => 'gzip, deflate, sdch',
  'accept-language' => 'zh-CN,zh;q=0.8',
  'cookie' => 'PHPSESSID=1485rjc4f8jrtfbq8n601h2jf4; dolphin_home___forward__=%2Fadmin.php%2Fadmin%2Fmenu%2Findex%2Fgroup%2Fhuayan.html',
)
[ info ] [ PARAM ] array (
  'id' => '129',
)
[ info ] [ DB ] INIT mysql
[ info ] [ BEHAVIOR ] Run app\common\behavior\Config @app_begin [ RunTime:0.038002s ]
[ info ] [ BEHAVIOR ] Run app\common\behavior\Hook @app_begin [ RunTime:0.020001s ]
[ info ] [ SESSION ] INIT array (
  'id' => '',
  'var_session_id' => '',
  'prefix' => 'dolphin_admin_',
  'type' => '',
  'auto_start' => true,
)
[ info ] [ RUN ] app\huayan\admin\Index->down[ F:\web\huayan\application\huayan\admin\Index.php ]
[ info ] [ LOG ] INIT File
[ sql ] [ DB ] CONNECT:[ UseTime:0.011000s ] mysql:dbname=huayan;host=127.0.0.1;port=3306;charset=utf8
[ sql ] [ SQL ] SHOW COLUMNS FROM `hy_admin_config` [ RunTime:0.004001s ]
[ sql ] [ SQL ] SELECT `name`,`value`,`type` FROM `hy_admin_config` [ RunTime:0.001000s ]
[ sql ] [ SQL ] SHOW COLUMNS FROM `hy_admin_module` [ RunTime:0.005000s ]
[ sql ] [ SQL ] SELECT `name`,`config` FROM `hy_admin_module` WHERE  `config` <> '' [ RunTime:0.001000s ]
[ sql ] [ SQL ] SHOW COLUMNS FROM `hy_admin_hook` [ RunTime:0.004000s ]
[ sql ] [ SQL ] SELECT `name`,`status` FROM `hy_admin_hook` WHERE  `status` = 1 [ RunTime:0.000000s ]
[ sql ] [ SQL ] SHOW COLUMNS FROM `hy_admin_plugin` [ RunTime:0.005000s ]
[ sql ] [ SQL ] SELECT `name`,`status` FROM `hy_admin_plugin` WHERE  `status` = 1 [ RunTime:0.000000s ]
[ sql ] [ SQL ] SHOW COLUMNS FROM `hy_admin_hook_plugin` [ RunTime:0.004000s ]
[ sql ] [ SQL ] SELECT * FROM `hy_admin_hook_plugin` WHERE  `status` = 1 ORDER BY hook,sort [ RunTime:0.000000s ]
[ sql ] [ SQL ] SHOW COLUMNS FROM `hy_admin_menu` [ RunTime:0.004000s ]
[ sql ] [ SQL ] SELECT `id`,`pid`,`module`,`title`,`url_value`,`url_type`,`url_target`,`icon` FROM `hy_admin_menu` WHERE  `status` = 1  AND `pid` = 0 ORDER BY sort,id LIMIT 10 [ RunTime:0.001000s ]
[ sql ] [ SQL ] SELECT `id`,`pid`,`module`,`title`,`url_value`,`url_type`,`url_target`,`icon` FROM `hy_admin_menu` WHERE  `status` = 1  AND `pid` = 0 ORDER BY sort,id [ RunTime:0.000000s ]
[ sql ] [ SQL ] SELECT `id` FROM `hy_admin_menu` WHERE  `pid` <> 0  AND `url_value` = 'huayan/index/down' LIMIT 1 [ RunTime:0.001001s ]
[ sql ] [ SQL ] SELECT `id`,`pid`,`title`,`url_value` FROM `hy_admin_menu` [ RunTime:0.000000s ]
[ sql ] [ SQL ] SELECT `id`,`pid`,`module`,`title`,`url_value`,`url_type`,`url_target`,`icon` FROM `hy_admin_menu` WHERE  `status` = 1  AND `module` = 'huayan' ORDER BY sort,id [ RunTime:0.000000s ]
[ sql ] [ SQL ] SELECT `id` FROM `hy_admin_menu` WHERE  `pid` <> 0  AND `url_value` = 'huayan/index/down' LIMIT 1 [ RunTime:0.000000s ]
[ sql ] [ SQL ] SELECT `id`,`pid`,`title`,`url_value` FROM `hy_admin_menu` [ RunTime:0.000000s ]
[ sql ] [ SQL ] SELECT `value` FROM `hy_admin_config` WHERE  `id` = 1 LIMIT 1 [ RunTime:0.001000s ]
[ error ] [8]未定义数组下标: 2[F:\web\huayan\application\common.php:719]
---------------------------------------------------------------
[ 2017-06-16T16:40:51+08:00 ] 127.0.0.1 127.0.0.1 GET /admin.php/huayan/index/down/id/129.html
[ info ] 127.0.0.1:8010/admin.php/huayan/index/down/id/129.html [运行时间：0.126007s][吞吐率：7.94req/s] [内存消耗：6,287.73kb] [文件加载：71]
[ info ] [ CACHE ] INIT File
[ info ] [ LANG ] F:\web\huayan\thinkphp\lang\zh-cn.php
[ info ] [ ROUTE ] array (
  'type' => 'module',
  'module' => 
  array (
    0 => 'huayan',
    1 => 'index',
    2 => 'down',
  ),
)
[ info ] [ HEADER ] array (
  'host' => '127.0.0.1:8010',
  'connection' => 'keep-alive',
  'cache-control' => 'max-age=0',
  'accept' => 'text/html,application/xhtml+xml,application/xml;q=0.9,image/webp,*/*;q=0.8',
  'upgrade-insecure-requests' => '1',
  'user-agent' => 'Mozilla/5.0 (Windows NT 6.1; WOW64) AppleWebKit/537.36 (KHTML, like Gecko) Chrome/50.0.2661.102 Safari/537.36',
  'referer' => 'http://127.0.0.1:8010/admin.php/huayan/index/hylist.html',
  'accept-encoding' => 'gzip, deflate, sdch',
  'accept-language' => 'zh-CN,zh;q=0.8',
  'cookie' => 'PHPSESSID=1485rjc4f8jrtfbq8n601h2jf4; dolphin_home___forward__=%2Fadmin.php%2Fadmin%2Fmenu%2Findex%2Fgroup%2Fhuayan.html',
)
[ info ] [ PARAM ] array (
  'id' => '129',
)
[ info ] [ DB ] INIT mysql
[ info ] [ BEHAVIOR ] Run app\common\behavior\Config @app_begin [ RunTime:0.035002s ]
[ info ] [ BEHAVIOR ] Run app\common\behavior\Hook @app_begin [ RunTime:0.019001s ]
[ info ] [ SESSION ] INIT array (
  'id' => '',
  'var_session_id' => '',
  'prefix' => 'dolphin_admin_',
  'type' => '',
  'auto_start' => true,
)
[ info ] [ RUN ] app\huayan\admin\Index->down[ F:\web\huayan\application\huayan\admin\Index.php ]
[ info ] [ LOG ] INIT File
[ sql ] [ DB ] CONNECT:[ UseTime:0.010000s ] mysql:dbname=huayan;host=127.0.0.1;port=3306;charset=utf8
[ sql ] [ SQL ] SHOW COLUMNS FROM `hy_admin_config` [ RunTime:0.005001s ]
[ sql ] [ SQL ] SELECT `name`,`value`,`type` FROM `hy_admin_config` [ RunTime:0.001000s ]
[ sql ] [ SQL ] SHOW COLUMNS FROM `hy_admin_module` [ RunTime:0.004000s ]
[ sql ] [ SQL ] SELECT `name`,`config` FROM `hy_admin_module` WHERE  `config` <> '' [ RunTime:0.000000s ]
[ sql ] [ SQL ] SHOW COLUMNS FROM `hy_admin_hook` [ RunTime:0.003000s ]
[ sql ] [ SQL ] SELECT `name`,`status` FROM `hy_admin_hook` WHERE  `status` = 1 [ RunTime:0.000000s ]
[ sql ] [ SQL ] SHOW COLUMNS FROM `hy_admin_plugin` [ RunTime:0.004000s ]
[ sql ] [ SQL ] SELECT `name`,`status` FROM `hy_admin_plugin` WHERE  `status` = 1 [ RunTime:0.001000s ]
[ sql ] [ SQL ] SHOW COLUMNS FROM `hy_admin_hook_plugin` [ RunTime:0.004000s ]
[ sql ] [ SQL ] SELECT * FROM `hy_admin_hook_plugin` WHERE  `status` = 1 ORDER BY hook,sort [ RunTime:0.000000s ]
[ sql ] [ SQL ] SHOW COLUMNS FROM `hy_admin_menu` [ RunTime:0.004000s ]
[ sql ] [ SQL ] SELECT `id`,`pid`,`module`,`title`,`url_value`,`url_type`,`url_target`,`icon` FROM `hy_admin_menu` WHERE  `status` = 1  AND `pid` = 0 ORDER BY sort,id LIMIT 10 [ RunTime:0.000000s ]
[ sql ] [ SQL ] SELECT `id`,`pid`,`module`,`title`,`url_value`,`url_type`,`url_target`,`icon` FROM `hy_admin_menu` WHERE  `status` = 1  AND `pid` = 0 ORDER BY sort,id [ RunTime:0.001000s ]
[ sql ] [ SQL ] SELECT `id` FROM `hy_admin_menu` WHERE  `pid` <> 0  AND `url_value` = 'huayan/index/down' LIMIT 1 [ RunTime:0.000000s ]
[ sql ] [ SQL ] SELECT `id`,`pid`,`title`,`url_value` FROM `hy_admin_menu` [ RunTime:0.001000s ]
[ sql ] [ SQL ] SELECT `id`,`pid`,`module`,`title`,`url_value`,`url_type`,`url_target`,`icon` FROM `hy_admin_menu` WHERE  `status` = 1  AND `module` = 'huayan' ORDER BY sort,id [ RunTime:0.000000s ]
[ sql ] [ SQL ] SELECT `id` FROM `hy_admin_menu` WHERE  `pid` <> 0  AND `url_value` = 'huayan/index/down' LIMIT 1 [ RunTime:0.001000s ]
[ sql ] [ SQL ] SELECT `id`,`pid`,`title`,`url_value` FROM `hy_admin_menu` [ RunTime:0.001000s ]
[ sql ] [ SQL ] SELECT `value` FROM `hy_admin_config` WHERE  `id` = 1 LIMIT 1 [ RunTime:0.000000s ]
[ error ] [1]Class 'plugins\Excel\controller\' not found[F:\web\huayan\application\common.php:725]
---------------------------------------------------------------
[ 2017-06-16T16:40:51+08:00 ] 127.0.0.1 127.0.0.1 GET /admin.php/huayan/index/down/id/129.html
[ info ] 127.0.0.1:8010/admin.php/huayan/index/down/id/129.html [运行时间：0.125007s][吞吐率：8.00req/s] [内存消耗：6,287.73kb] [文件加载：71]
[ info ] [ CACHE ] INIT File
[ info ] [ LANG ] F:\web\huayan\thinkphp\lang\zh-cn.php
[ info ] [ ROUTE ] array (
  'type' => 'module',
  'module' => 
  array (
    0 => 'huayan',
    1 => 'index',
    2 => 'down',
  ),
)
[ info ] [ HEADER ] array (
  'host' => '127.0.0.1:8010',
  'connection' => 'keep-alive',
  'cache-control' => 'max-age=0',
  'accept' => 'text/html,application/xhtml+xml,application/xml;q=0.9,image/webp,*/*;q=0.8',
  'upgrade-insecure-requests' => '1',
  'user-agent' => 'Mozilla/5.0 (Windows NT 6.1; WOW64) AppleWebKit/537.36 (KHTML, like Gecko) Chrome/50.0.2661.102 Safari/537.36',
  'referer' => 'http://127.0.0.1:8010/admin.php/huayan/index/hylist.html',
  'accept-encoding' => 'gzip, deflate, sdch',
  'accept-language' => 'zh-CN,zh;q=0.8',
  'cookie' => 'PHPSESSID=1485rjc4f8jrtfbq8n601h2jf4; dolphin_home___forward__=%2Fadmin.php%2Fadmin%2Fmenu%2Findex%2Fgroup%2Fhuayan.html',
)
[ info ] [ PARAM ] array (
  'id' => '129',
)
[ info ] [ DB ] INIT mysql
[ info ] [ BEHAVIOR ] Run app\common\behavior\Config @app_begin [ RunTime:0.027002s ]
[ info ] [ BEHAVIOR ] Run app\common\behavior\Hook @app_begin [ RunTime:0.018001s ]
[ info ] [ SESSION ] INIT array (
  'id' => '',
  'var_session_id' => '',
  'prefix' => 'dolphin_admin_',
  'type' => '',
  'auto_start' => true,
)
[ info ] [ RUN ] app\huayan\admin\Index->down[ F:\web\huayan\application\huayan\admin\Index.php ]
[ info ] [ LOG ] INIT File
[ sql ] [ DB ] CONNECT:[ UseTime:0.000000s ] mysql:dbname=huayan;host=127.0.0.1;port=3306;charset=utf8
[ sql ] [ SQL ] SHOW COLUMNS FROM `hy_admin_config` [ RunTime:0.005000s ]
[ sql ] [ SQL ] SELECT `name`,`value`,`type` FROM `hy_admin_config` [ RunTime:0.000000s ]
[ sql ] [ SQL ] SHOW COLUMNS FROM `hy_admin_module` [ RunTime:0.003000s ]
[ sql ] [ SQL ] SELECT `name`,`config` FROM `hy_admin_module` WHERE  `config` <> '' [ RunTime:0.000000s ]
[ sql ] [ SQL ] SHOW COLUMNS FROM `hy_admin_hook` [ RunTime:0.003000s ]
[ sql ] [ SQL ] SELECT `name`,`status` FROM `hy_admin_hook` WHERE  `status` = 1 [ RunTime:0.000000s ]
[ sql ] [ SQL ] SHOW COLUMNS FROM `hy_admin_plugin` [ RunTime:0.004000s ]
[ sql ] [ SQL ] SELECT `name`,`status` FROM `hy_admin_plugin` WHERE  `status` = 1 [ RunTime:0.000000s ]
[ sql ] [ SQL ] SHOW COLUMNS FROM `hy_admin_hook_plugin` [ RunTime:0.004000s ]
[ sql ] [ SQL ] SELECT * FROM `hy_admin_hook_plugin` WHERE  `status` = 1 ORDER BY hook,sort [ RunTime:0.001001s ]
[ sql ] [ SQL ] SHOW COLUMNS FROM `hy_admin_menu` [ RunTime:0.004000s ]
[ sql ] [ SQL ] SELECT `id`,`pid`,`module`,`title`,`url_value`,`url_type`,`url_target`,`icon` FROM `hy_admin_menu` WHERE  `status` = 1  AND `pid` = 0 ORDER BY sort,id LIMIT 10 [ RunTime:0.000000s ]
[ sql ] [ SQL ] SELECT `id`,`pid`,`module`,`title`,`url_value`,`url_type`,`url_target`,`icon` FROM `hy_admin_menu` WHERE  `status` = 1  AND `pid` = 0 ORDER BY sort,id [ RunTime:0.000000s ]
[ sql ] [ SQL ] SELECT `id` FROM `hy_admin_menu` WHERE  `pid` <> 0  AND `url_value` = 'huayan/index/down' LIMIT 1 [ RunTime:0.000000s ]
[ sql ] [ SQL ] SELECT `id`,`pid`,`title`,`url_value` FROM `hy_admin_menu` [ RunTime:0.001000s ]
[ sql ] [ SQL ] SELECT `id`,`pid`,`module`,`title`,`url_value`,`url_type`,`url_target`,`icon` FROM `hy_admin_menu` WHERE  `status` = 1  AND `module` = 'huayan' ORDER BY sort,id [ RunTime:0.000000s ]
[ sql ] [ SQL ] SELECT `id` FROM `hy_admin_menu` WHERE  `pid` <> 0  AND `url_value` = 'huayan/index/down' LIMIT 1 [ RunTime:0.000000s ]
[ sql ] [ SQL ] SELECT `id`,`pid`,`title`,`url_value` FROM `hy_admin_menu` [ RunTime:0.001000s ]
[ sql ] [ SQL ] SELECT `value` FROM `hy_admin_config` WHERE  `id` = 1 LIMIT 1 [ RunTime:0.000000s ]
[ error ] [1]Class 'plugins\Excel\controller\' not found[F:\web\huayan\application\common.php:725]
---------------------------------------------------------------
[ 2017-06-16T16:41:00+08:00 ] 127.0.0.1 127.0.0.1 GET /admin.php/huayan/index/down/id/129.html
[ info ] 127.0.0.1:8010/admin.php/huayan/index/down/id/129.html [运行时间：0.127007s][吞吐率：7.87req/s] [内存消耗：6,286.55kb] [文件加载：71]
[ info ] [ CACHE ] INIT File
[ info ] [ LANG ] F:\web\huayan\thinkphp\lang\zh-cn.php
[ info ] [ ROUTE ] array (
  'type' => 'module',
  'module' => 
  array (
    0 => 'huayan',
    1 => 'index',
    2 => 'down',
  ),
)
[ info ] [ HEADER ] array (
  'host' => '127.0.0.1:8010',
  'connection' => 'keep-alive',
  'cache-control' => 'max-age=0',
  'accept' => 'text/html,application/xhtml+xml,application/xml;q=0.9,image/webp,*/*;q=0.8',
  'upgrade-insecure-requests' => '1',
  'user-agent' => 'Mozilla/5.0 (Windows NT 6.1; WOW64) AppleWebKit/537.36 (KHTML, like Gecko) Chrome/50.0.2661.102 Safari/537.36',
  'referer' => 'http://127.0.0.1:8010/admin.php/huayan/index/hylist.html',
  'accept-encoding' => 'gzip, deflate, sdch',
  'accept-language' => 'zh-CN,zh;q=0.8',
  'cookie' => 'PHPSESSID=1485rjc4f8jrtfbq8n601h2jf4; dolphin_home___forward__=%2Fadmin.php%2Fadmin%2Fmenu%2Findex%2Fgroup%2Fhuayan.html',
)
[ info ] [ PARAM ] array (
  'id' => '129',
)
[ info ] [ DB ] INIT mysql
[ info ] [ BEHAVIOR ] Run app\common\behavior\Config @app_begin [ RunTime:0.033002s ]
[ info ] [ BEHAVIOR ] Run app\common\behavior\Hook @app_begin [ RunTime:0.018001s ]
[ info ] [ SESSION ] INIT array (
  'id' => '',
  'var_session_id' => '',
  'prefix' => 'dolphin_admin_',
  'type' => '',
  'auto_start' => true,
)
[ info ] [ RUN ] app\huayan\admin\Index->down[ F:\web\huayan\application\huayan\admin\Index.php ]
[ info ] [ LOG ] INIT File
[ sql ] [ DB ] CONNECT:[ UseTime:0.010000s ] mysql:dbname=huayan;host=127.0.0.1;port=3306;charset=utf8
[ sql ] [ SQL ] SHOW COLUMNS FROM `hy_admin_config` [ RunTime:0.004001s ]
[ sql ] [ SQL ] SELECT `name`,`value`,`type` FROM `hy_admin_config` [ RunTime:0.000000s ]
[ sql ] [ SQL ] SHOW COLUMNS FROM `hy_admin_module` [ RunTime:0.004000s ]
[ sql ] [ SQL ] SELECT `name`,`config` FROM `hy_admin_module` WHERE  `config` <> '' [ RunTime:0.000000s ]
[ sql ] [ SQL ] SHOW COLUMNS FROM `hy_admin_hook` [ RunTime:0.003000s ]
[ sql ] [ SQL ] SELECT `name`,`status` FROM `hy_admin_hook` WHERE  `status` = 1 [ RunTime:0.000000s ]
[ sql ] [ SQL ] SHOW COLUMNS FROM `hy_admin_plugin` [ RunTime:0.004000s ]
[ sql ] [ SQL ] SELECT `name`,`status` FROM `hy_admin_plugin` WHERE  `status` = 1 [ RunTime:0.000000s ]
[ sql ] [ SQL ] SHOW COLUMNS FROM `hy_admin_hook_plugin` [ RunTime:0.004000s ]
[ sql ] [ SQL ] SELECT * FROM `hy_admin_hook_plugin` WHERE  `status` = 1 ORDER BY hook,sort [ RunTime:0.001000s ]
[ sql ] [ SQL ] SHOW COLUMNS FROM `hy_admin_menu` [ RunTime:0.003000s ]
[ sql ] [ SQL ] SELECT `id`,`pid`,`module`,`title`,`url_value`,`url_type`,`url_target`,`icon` FROM `hy_admin_menu` WHERE  `status` = 1  AND `pid` = 0 ORDER BY sort,id LIMIT 10 [ RunTime:0.001000s ]
[ sql ] [ SQL ] SELECT `id`,`pid`,`module`,`title`,`url_value`,`url_type`,`url_target`,`icon` FROM `hy_admin_menu` WHERE  `status` = 1  AND `pid` = 0 ORDER BY sort,id [ RunTime:0.000000s ]
[ sql ] [ SQL ] SELECT `id` FROM `hy_admin_menu` WHERE  `pid` <> 0  AND `url_value` = 'huayan/index/down' LIMIT 1 [ RunTime:0.001000s ]
[ sql ] [ SQL ] SELECT `id`,`pid`,`title`,`url_value` FROM `hy_admin_menu` [ RunTime:0.000000s ]
[ sql ] [ SQL ] SELECT `id`,`pid`,`module`,`title`,`url_value`,`url_type`,`url_target`,`icon` FROM `hy_admin_menu` WHERE  `status` = 1  AND `module` = 'huayan' ORDER BY sort,id [ RunTime:0.000000s ]
[ sql ] [ SQL ] SELECT `id` FROM `hy_admin_menu` WHERE  `pid` <> 0  AND `url_value` = 'huayan/index/down' LIMIT 1 [ RunTime:0.000000s ]
[ sql ] [ SQL ] SELECT `id`,`pid`,`title`,`url_value` FROM `hy_admin_menu` [ RunTime:0.000000s ]
[ sql ] [ SQL ] SELECT `value` FROM `hy_admin_config` WHERE  `id` = 1 LIMIT 1 [ RunTime:0.000000s ]
[ error ] [1]Class 'app\huayan\admin\plugin_action' not found[F:\web\huayan\application\huayan\admin\Index.php:176]
---------------------------------------------------------------
[ 2017-06-16T16:41:01+08:00 ] 127.0.0.1 127.0.0.1 GET /admin.php/huayan/index/down/id/129.html
[ info ] 127.0.0.1:8010/admin.php/huayan/index/down/id/129.html [运行时间：0.149008s][吞吐率：6.71req/s] [内存消耗：6,286.55kb] [文件加载：71]
[ info ] [ CACHE ] INIT File
[ info ] [ LANG ] F:\web\huayan\thinkphp\lang\zh-cn.php
[ info ] [ ROUTE ] array (
  'type' => 'module',
  'module' => 
  array (
    0 => 'huayan',
    1 => 'index',
    2 => 'down',
  ),
)
[ info ] [ HEADER ] array (
  'host' => '127.0.0.1:8010',
  'connection' => 'keep-alive',
  'cache-control' => 'max-age=0',
  'accept' => 'text/html,application/xhtml+xml,application/xml;q=0.9,image/webp,*/*;q=0.8',
  'upgrade-insecure-requests' => '1',
  'user-agent' => 'Mozilla/5.0 (Windows NT 6.1; WOW64) AppleWebKit/537.36 (KHTML, like Gecko) Chrome/50.0.2661.102 Safari/537.36',
  'referer' => 'http://127.0.0.1:8010/admin.php/huayan/index/hylist.html',
  'accept-encoding' => 'gzip, deflate, sdch',
  'accept-language' => 'zh-CN,zh;q=0.8',
  'cookie' => 'PHPSESSID=1485rjc4f8jrtfbq8n601h2jf4; dolphin_home___forward__=%2Fadmin.php%2Fadmin%2Fmenu%2Findex%2Fgroup%2Fhuayan.html',
)
[ info ] [ PARAM ] array (
  'id' => '129',
)
[ info ] [ DB ] INIT mysql
[ info ] [ BEHAVIOR ] Run app\common\behavior\Config @app_begin [ RunTime:0.039002s ]
[ info ] [ BEHAVIOR ] Run app\common\behavior\Hook @app_begin [ RunTime:0.023002s ]
[ info ] [ SESSION ] INIT array (
  'id' => '',
  'var_session_id' => '',
  'prefix' => 'dolphin_admin_',
  'type' => '',
  'auto_start' => true,
)
[ info ] [ RUN ] app\huayan\admin\Index->down[ F:\web\huayan\application\huayan\admin\Index.php ]
[ info ] [ LOG ] INIT File
[ sql ] [ DB ] CONNECT:[ UseTime:0.011000s ] mysql:dbname=huayan;host=127.0.0.1;port=3306;charset=utf8
[ sql ] [ SQL ] SHOW COLUMNS FROM `hy_admin_config` [ RunTime:0.005001s ]
[ sql ] [ SQL ] SELECT `name`,`value`,`type` FROM `hy_admin_config` [ RunTime:0.000000s ]
[ sql ] [ SQL ] SHOW COLUMNS FROM `hy_admin_module` [ RunTime:0.005000s ]
[ sql ] [ SQL ] SELECT `name`,`config` FROM `hy_admin_module` WHERE  `config` <> '' [ RunTime:0.001000s ]
[ sql ] [ SQL ] SHOW COLUMNS FROM `hy_admin_hook` [ RunTime:0.005001s ]
[ sql ] [ SQL ] SELECT `name`,`status` FROM `hy_admin_hook` WHERE  `status` = 1 [ RunTime:0.000000s ]
[ sql ] [ SQL ] SHOW COLUMNS FROM `hy_admin_plugin` [ RunTime:0.005000s ]
[ sql ] [ SQL ] SELECT `name`,`status` FROM `hy_admin_plugin` WHERE  `status` = 1 [ RunTime:0.000000s ]
[ sql ] [ SQL ] SHOW COLUMNS FROM `hy_admin_hook_plugin` [ RunTime:0.005000s ]
[ sql ] [ SQL ] SELECT * FROM `hy_admin_hook_plugin` WHERE  `status` = 1 ORDER BY hook,sort [ RunTime:0.000000s ]
[ sql ] [ SQL ] SHOW COLUMNS FROM `hy_admin_menu` [ RunTime:0.006001s ]
[ sql ] [ SQL ] SELECT `id`,`pid`,`module`,`title`,`url_value`,`url_type`,`url_target`,`icon` FROM `hy_admin_menu` WHERE  `status` = 1  AND `pid` = 0 ORDER BY sort,id LIMIT 10 [ RunTime:0.002000s ]
[ sql ] [ SQL ] SELECT `id`,`pid`,`module`,`title`,`url_value`,`url_type`,`url_target`,`icon` FROM `hy_admin_menu` WHERE  `status` = 1  AND `pid` = 0 ORDER BY sort,id [ RunTime:0.000000s ]
[ sql ] [ SQL ] SELECT `id` FROM `hy_admin_menu` WHERE  `pid` <> 0  AND `url_value` = 'huayan/index/down' LIMIT 1 [ RunTime:0.000000s ]
[ sql ] [ SQL ] SELECT `id`,`pid`,`title`,`url_value` FROM `hy_admin_menu` [ RunTime:0.000000s ]
[ sql ] [ SQL ] SELECT `id`,`pid`,`module`,`title`,`url_value`,`url_type`,`url_target`,`icon` FROM `hy_admin_menu` WHERE  `status` = 1  AND `module` = 'huayan' ORDER BY sort,id [ RunTime:0.000000s ]
[ sql ] [ SQL ] SELECT `id` FROM `hy_admin_menu` WHERE  `pid` <> 0  AND `url_value` = 'huayan/index/down' LIMIT 1 [ RunTime:0.001000s ]
[ sql ] [ SQL ] SELECT `id`,`pid`,`title`,`url_value` FROM `hy_admin_menu` [ RunTime:0.000000s ]
[ sql ] [ SQL ] SELECT `value` FROM `hy_admin_config` WHERE  `id` = 1 LIMIT 1 [ RunTime:0.000000s ]
[ error ] [1]Class 'app\huayan\admin\plugin_action' not found[F:\web\huayan\application\huayan\admin\Index.php:176]
---------------------------------------------------------------
[ 2017-06-16T16:41:06+08:00 ] 127.0.0.1 127.0.0.1 GET /admin.php/huayan/index/down/id/129.html
[ info ] 127.0.0.1:8010/admin.php/huayan/index/down/id/129.html [运行时间：0.130008s][吞吐率：7.69req/s] [内存消耗：6,286.47kb] [文件加载：71]
[ info ] [ CACHE ] INIT File
[ info ] [ LANG ] F:\web\huayan\thinkphp\lang\zh-cn.php
[ info ] [ ROUTE ] array (
  'type' => 'module',
  'module' => 
  array (
    0 => 'huayan',
    1 => 'index',
    2 => 'down',
  ),
)
[ info ] [ HEADER ] array (
  'host' => '127.0.0.1:8010',
  'connection' => 'keep-alive',
  'cache-control' => 'max-age=0',
  'accept' => 'text/html,application/xhtml+xml,application/xml;q=0.9,image/webp,*/*;q=0.8',
  'upgrade-insecure-requests' => '1',
  'user-agent' => 'Mozilla/5.0 (Windows NT 6.1; WOW64) AppleWebKit/537.36 (KHTML, like Gecko) Chrome/50.0.2661.102 Safari/537.36',
  'referer' => 'http://127.0.0.1:8010/admin.php/huayan/index/hylist.html',
  'accept-encoding' => 'gzip, deflate, sdch',
  'accept-language' => 'zh-CN,zh;q=0.8',
  'cookie' => 'PHPSESSID=1485rjc4f8jrtfbq8n601h2jf4; dolphin_home___forward__=%2Fadmin.php%2Fadmin%2Fmenu%2Findex%2Fgroup%2Fhuayan.html',
)
[ info ] [ PARAM ] array (
  'id' => '129',
)
[ info ] [ DB ] INIT mysql
[ info ] [ BEHAVIOR ] Run app\common\behavior\Config @app_begin [ RunTime:0.036002s ]
[ info ] [ BEHAVIOR ] Run app\common\behavior\Hook @app_begin [ RunTime:0.019001s ]
[ info ] [ SESSION ] INIT array (
  'id' => '',
  'var_session_id' => '',
  'prefix' => 'dolphin_admin_',
  'type' => '',
  'auto_start' => true,
)
[ info ] [ RUN ] app\huayan\admin\Index->down[ F:\web\huayan\application\huayan\admin\Index.php ]
[ info ] [ LOG ] INIT File
[ sql ] [ DB ] CONNECT:[ UseTime:0.011001s ] mysql:dbname=huayan;host=127.0.0.1;port=3306;charset=utf8
[ sql ] [ SQL ] SHOW COLUMNS FROM `hy_admin_config` [ RunTime:0.005000s ]
[ sql ] [ SQL ] SELECT `name`,`value`,`type` FROM `hy_admin_config` [ RunTime:0.001000s ]
[ sql ] [ SQL ] SHOW COLUMNS FROM `hy_admin_module` [ RunTime:0.004001s ]
[ sql ] [ SQL ] SELECT `name`,`config` FROM `hy_admin_module` WHERE  `config` <> '' [ RunTime:0.001000s ]
[ sql ] [ SQL ] SHOW COLUMNS FROM `hy_admin_hook` [ RunTime:0.005000s ]
[ sql ] [ SQL ] SELECT `name`,`status` FROM `hy_admin_hook` WHERE  `status` = 1 [ RunTime:0.000000s ]
[ sql ] [ SQL ] SHOW COLUMNS FROM `hy_admin_plugin` [ RunTime:0.004000s ]
[ sql ] [ SQL ] SELECT `name`,`status` FROM `hy_admin_plugin` WHERE  `status` = 1 [ RunTime:0.000000s ]
[ sql ] [ SQL ] SHOW COLUMNS FROM `hy_admin_hook_plugin` [ RunTime:0.003001s ]
[ sql ] [ SQL ] SELECT * FROM `hy_admin_hook_plugin` WHERE  `status` = 1 ORDER BY hook,sort [ RunTime:0.000000s ]
[ sql ] [ SQL ] SHOW COLUMNS FROM `hy_admin_menu` [ RunTime:0.004000s ]
[ sql ] [ SQL ] SELECT `id`,`pid`,`module`,`title`,`url_value`,`url_type`,`url_target`,`icon` FROM `hy_admin_menu` WHERE  `status` = 1  AND `pid` = 0 ORDER BY sort,id LIMIT 10 [ RunTime:0.000000s ]
[ sql ] [ SQL ] SELECT `id`,`pid`,`module`,`title`,`url_value`,`url_type`,`url_target`,`icon` FROM `hy_admin_menu` WHERE  `status` = 1  AND `pid` = 0 ORDER BY sort,id [ RunTime:0.000000s ]
[ sql ] [ SQL ] SELECT `id` FROM `hy_admin_menu` WHERE  `pid` <> 0  AND `url_value` = 'huayan/index/down' LIMIT 1 [ RunTime:0.001000s ]
[ sql ] [ SQL ] SELECT `id`,`pid`,`title`,`url_value` FROM `hy_admin_menu` [ RunTime:0.000000s ]
[ sql ] [ SQL ] SELECT `id`,`pid`,`module`,`title`,`url_value`,`url_type`,`url_target`,`icon` FROM `hy_admin_menu` WHERE  `status` = 1  AND `module` = 'huayan' ORDER BY sort,id [ RunTime:0.000000s ]
[ sql ] [ SQL ] SELECT `id` FROM `hy_admin_menu` WHERE  `pid` <> 0  AND `url_value` = 'huayan/index/down' LIMIT 1 [ RunTime:0.001000s ]
[ sql ] [ SQL ] SELECT `id`,`pid`,`title`,`url_value` FROM `hy_admin_menu` [ RunTime:0.001000s ]
[ sql ] [ SQL ] SELECT `value` FROM `hy_admin_config` WHERE  `id` = 1 LIMIT 1 [ RunTime:0.000000s ]
[ error ] [1]Class 'app\huayan\admin\plugin_action' not found[F:\web\huayan\application\huayan\admin\Index.php:176]
---------------------------------------------------------------
[ 2017-06-16T16:41:06+08:00 ] 127.0.0.1 127.0.0.1 GET /admin.php/huayan/index/down/id/129.html
[ info ] 127.0.0.1:8010/admin.php/huayan/index/down/id/129.html [运行时间：0.124007s][吞吐率：8.06req/s] [内存消耗：6,286.47kb] [文件加载：71]
[ info ] [ CACHE ] INIT File
[ info ] [ LANG ] F:\web\huayan\thinkphp\lang\zh-cn.php
[ info ] [ ROUTE ] array (
  'type' => 'module',
  'module' => 
  array (
    0 => 'huayan',
    1 => 'index',
    2 => 'down',
  ),
)
[ info ] [ HEADER ] array (
  'host' => '127.0.0.1:8010',
  'connection' => 'keep-alive',
  'cache-control' => 'max-age=0',
  'accept' => 'text/html,application/xhtml+xml,application/xml;q=0.9,image/webp,*/*;q=0.8',
  'upgrade-insecure-requests' => '1',
  'user-agent' => 'Mozilla/5.0 (Windows NT 6.1; WOW64) AppleWebKit/537.36 (KHTML, like Gecko) Chrome/50.0.2661.102 Safari/537.36',
  'referer' => 'http://127.0.0.1:8010/admin.php/huayan/index/hylist.html',
  'accept-encoding' => 'gzip, deflate, sdch',
  'accept-language' => 'zh-CN,zh;q=0.8',
  'cookie' => 'PHPSESSID=1485rjc4f8jrtfbq8n601h2jf4; dolphin_home___forward__=%2Fadmin.php%2Fadmin%2Fmenu%2Findex%2Fgroup%2Fhuayan.html',
)
[ info ] [ PARAM ] array (
  'id' => '129',
)
[ info ] [ DB ] INIT mysql
[ info ] [ BEHAVIOR ] Run app\common\behavior\Config @app_begin [ RunTime:0.035002s ]
[ info ] [ BEHAVIOR ] Run app\common\behavior\Hook @app_begin [ RunTime:0.017001s ]
[ info ] [ SESSION ] INIT array (
  'id' => '',
  'var_session_id' => '',
  'prefix' => 'dolphin_admin_',
  'type' => '',
  'auto_start' => true,
)
[ info ] [ RUN ] app\huayan\admin\Index->down[ F:\web\huayan\application\huayan\admin\Index.php ]
[ info ] [ LOG ] INIT File
[ sql ] [ DB ] CONNECT:[ UseTime:0.010000s ] mysql:dbname=huayan;host=127.0.0.1;port=3306;charset=utf8
[ sql ] [ SQL ] SHOW COLUMNS FROM `hy_admin_config` [ RunTime:0.005001s ]
[ sql ] [ SQL ] SELECT `name`,`value`,`type` FROM `hy_admin_config` [ RunTime:0.000000s ]
[ sql ] [ SQL ] SHOW COLUMNS FROM `hy_admin_module` [ RunTime:0.005000s ]
[ sql ] [ SQL ] SELECT `name`,`config` FROM `hy_admin_module` WHERE  `config` <> '' [ RunTime:0.000000s ]
[ sql ] [ SQL ] SHOW COLUMNS FROM `hy_admin_hook` [ RunTime:0.003000s ]
[ sql ] [ SQL ] SELECT `name`,`status` FROM `hy_admin_hook` WHERE  `status` = 1 [ RunTime:0.000000s ]
[ sql ] [ SQL ] SHOW COLUMNS FROM `hy_admin_plugin` [ RunTime:0.004001s ]
[ sql ] [ SQL ] SELECT `name`,`status` FROM `hy_admin_plugin` WHERE  `status` = 1 [ RunTime:0.000000s ]
[ sql ] [ SQL ] SHOW COLUMNS FROM `hy_admin_hook_plugin` [ RunTime:0.004000s ]
[ sql ] [ SQL ] SELECT * FROM `hy_admin_hook_plugin` WHERE  `status` = 1 ORDER BY hook,sort [ RunTime:0.000000s ]
[ sql ] [ SQL ] SHOW COLUMNS FROM `hy_admin_menu` [ RunTime:0.004000s ]
[ sql ] [ SQL ] SELECT `id`,`pid`,`module`,`title`,`url_value`,`url_type`,`url_target`,`icon` FROM `hy_admin_menu` WHERE  `status` = 1  AND `pid` = 0 ORDER BY sort,id LIMIT 10 [ RunTime:0.001000s ]
[ sql ] [ SQL ] SELECT `id`,`pid`,`module`,`title`,`url_value`,`url_type`,`url_target`,`icon` FROM `hy_admin_menu` WHERE  `status` = 1  AND `pid` = 0 ORDER BY sort,id [ RunTime:0.000000s ]
[ sql ] [ SQL ] SELECT `id` FROM `hy_admin_menu` WHERE  `pid` <> 0  AND `url_value` = 'huayan/index/down' LIMIT 1 [ RunTime:0.001000s ]
[ sql ] [ SQL ] SELECT `id`,`pid`,`title`,`url_value` FROM `hy_admin_menu` [ RunTime:0.000000s ]
[ sql ] [ SQL ] SELECT `id`,`pid`,`module`,`title`,`url_value`,`url_type`,`url_target`,`icon` FROM `hy_admin_menu` WHERE  `status` = 1  AND `module` = 'huayan' ORDER BY sort,id [ RunTime:0.001000s ]
[ sql ] [ SQL ] SELECT `id` FROM `hy_admin_menu` WHERE  `pid` <> 0  AND `url_value` = 'huayan/index/down' LIMIT 1 [ RunTime:0.000000s ]
[ sql ] [ SQL ] SELECT `id`,`pid`,`title`,`url_value` FROM `hy_admin_menu` [ RunTime:0.000000s ]
[ sql ] [ SQL ] SELECT `value` FROM `hy_admin_config` WHERE  `id` = 1 LIMIT 1 [ RunTime:0.000000s ]
[ error ] [1]Class 'app\huayan\admin\plugin_action' not found[F:\web\huayan\application\huayan\admin\Index.php:176]
---------------------------------------------------------------
[ 2017-06-16T16:42:01+08:00 ] 127.0.0.1 127.0.0.1 GET /admin.php/huayan/index/down/id/129.html
[ info ] 127.0.0.1:8010/admin.php/huayan/index/down/id/129.html [运行时间：0.125007s][吞吐率：8.00req/s] [内存消耗：6,257.72kb] [文件加载：71]
[ info ] [ CACHE ] INIT File
[ info ] [ LANG ] F:\web\huayan\thinkphp\lang\zh-cn.php
[ info ] [ ROUTE ] array (
  'type' => 'module',
  'module' => 
  array (
    0 => 'huayan',
    1 => 'index',
    2 => 'down',
  ),
)
[ info ] [ HEADER ] array (
  'host' => '127.0.0.1:8010',
  'connection' => 'keep-alive',
  'cache-control' => 'max-age=0',
  'accept' => 'text/html,application/xhtml+xml,application/xml;q=0.9,image/webp,*/*;q=0.8',
  'upgrade-insecure-requests' => '1',
  'user-agent' => 'Mozilla/5.0 (Windows NT 6.1; WOW64) AppleWebKit/537.36 (KHTML, like Gecko) Chrome/50.0.2661.102 Safari/537.36',
  'referer' => 'http://127.0.0.1:8010/admin.php/huayan/index/hylist.html',
  'accept-encoding' => 'gzip, deflate, sdch',
  'accept-language' => 'zh-CN,zh;q=0.8',
  'cookie' => 'PHPSESSID=1485rjc4f8jrtfbq8n601h2jf4; dolphin_home___forward__=%2Fadmin.php%2Fadmin%2Fmenu%2Findex%2Fgroup%2Fhuayan.html',
)
[ info ] [ PARAM ] array (
  'id' => '129',
)
[ info ] [ DB ] INIT mysql
[ info ] [ BEHAVIOR ] Run app\common\behavior\Config @app_begin [ RunTime:0.035002s ]
[ info ] [ BEHAVIOR ] Run app\common\behavior\Hook @app_begin [ RunTime:0.018001s ]
[ info ] [ SESSION ] INIT array (
  'id' => '',
  'var_session_id' => '',
  'prefix' => 'dolphin_admin_',
  'type' => '',
  'auto_start' => true,
)
[ info ] [ RUN ] app\huayan\admin\Index->down[ F:\web\huayan\application\huayan\admin\Index.php ]
[ info ] [ LOG ] INIT File
[ sql ] [ DB ] CONNECT:[ UseTime:0.011001s ] mysql:dbname=huayan;host=127.0.0.1;port=3306;charset=utf8
[ sql ] [ SQL ] SHOW COLUMNS FROM `hy_admin_config` [ RunTime:0.005000s ]
[ sql ] [ SQL ] SELECT `name`,`value`,`type` FROM `hy_admin_config` [ RunTime:0.001000s ]
[ sql ] [ SQL ] SHOW COLUMNS FROM `hy_admin_module` [ RunTime:0.003000s ]
[ sql ] [ SQL ] SELECT `name`,`config` FROM `hy_admin_module` WHERE  `config` <> '' [ RunTime:0.001000s ]
[ sql ] [ SQL ] SHOW COLUMNS FROM `hy_admin_hook` [ RunTime:0.004001s ]
[ sql ] [ SQL ] SELECT `name`,`status` FROM `hy_admin_hook` WHERE  `status` = 1 [ RunTime:0.001000s ]
[ sql ] [ SQL ] SHOW COLUMNS FROM `hy_admin_plugin` [ RunTime:0.004000s ]
[ sql ] [ SQL ] SELECT `name`,`status` FROM `hy_admin_plugin` WHERE  `status` = 1 [ RunTime:0.000000s ]
[ sql ] [ SQL ] SHOW COLUMNS FROM `hy_admin_hook_plugin` [ RunTime:0.004000s ]
[ sql ] [ SQL ] SELECT * FROM `hy_admin_hook_plugin` WHERE  `status` = 1 ORDER BY hook,sort [ RunTime:0.000000s ]
[ sql ] [ SQL ] SHOW COLUMNS FROM `hy_admin_menu` [ RunTime:0.005000s ]
[ sql ] [ SQL ] SELECT `id`,`pid`,`module`,`title`,`url_value`,`url_type`,`url_target`,`icon` FROM `hy_admin_menu` WHERE  `status` = 1  AND `pid` = 0 ORDER BY sort,id LIMIT 10 [ RunTime:0.001000s ]
[ sql ] [ SQL ] SELECT `id`,`pid`,`module`,`title`,`url_value`,`url_type`,`url_target`,`icon` FROM `hy_admin_menu` WHERE  `status` = 1  AND `pid` = 0 ORDER BY sort,id [ RunTime:0.000000s ]
[ sql ] [ SQL ] SELECT `id` FROM `hy_admin_menu` WHERE  `pid` <> 0  AND `url_value` = 'huayan/index/down' LIMIT 1 [ RunTime:0.000000s ]
[ sql ] [ SQL ] SELECT `id`,`pid`,`title`,`url_value` FROM `hy_admin_menu` [ RunTime:0.001001s ]
[ sql ] [ SQL ] SELECT `id`,`pid`,`module`,`title`,`url_value`,`url_type`,`url_target`,`icon` FROM `hy_admin_menu` WHERE  `status` = 1  AND `module` = 'huayan' ORDER BY sort,id [ RunTime:0.000000s ]
[ sql ] [ SQL ] SELECT `id` FROM `hy_admin_menu` WHERE  `pid` <> 0  AND `url_value` = 'huayan/index/down' LIMIT 1 [ RunTime:0.000000s ]
[ sql ] [ SQL ] SELECT `id`,`pid`,`title`,`url_value` FROM `hy_admin_menu` [ RunTime:0.000000s ]
[ sql ] [ SQL ] SELECT `value` FROM `hy_admin_config` WHERE  `id` = 1 LIMIT 1 [ RunTime:0.001000s ]
[ error ] [8]未定义数组下标: 2[F:\web\huayan\application\common.php:719]
---------------------------------------------------------------
[ 2017-06-16T16:42:02+08:00 ] 127.0.0.1 127.0.0.1 GET /admin.php/huayan/index/down/id/129.html
[ info ] 127.0.0.1:8010/admin.php/huayan/index/down/id/129.html [运行时间：0.122007s][吞吐率：8.20req/s] [内存消耗：6,257.72kb] [文件加载：71]
[ info ] [ CACHE ] INIT File
[ info ] [ LANG ] F:\web\huayan\thinkphp\lang\zh-cn.php
[ info ] [ ROUTE ] array (
  'type' => 'module',
  'module' => 
  array (
    0 => 'huayan',
    1 => 'index',
    2 => 'down',
  ),
)
[ info ] [ HEADER ] array (
  'host' => '127.0.0.1:8010',
  'connection' => 'keep-alive',
  'cache-control' => 'max-age=0',
  'accept' => 'text/html,application/xhtml+xml,application/xml;q=0.9,image/webp,*/*;q=0.8',
  'upgrade-insecure-requests' => '1',
  'user-agent' => 'Mozilla/5.0 (Windows NT 6.1; WOW64) AppleWebKit/537.36 (KHTML, like Gecko) Chrome/50.0.2661.102 Safari/537.36',
  'referer' => 'http://127.0.0.1:8010/admin.php/huayan/index/hylist.html',
  'accept-encoding' => 'gzip, deflate, sdch',
  'accept-language' => 'zh-CN,zh;q=0.8',
  'cookie' => 'PHPSESSID=1485rjc4f8jrtfbq8n601h2jf4; dolphin_home___forward__=%2Fadmin.php%2Fadmin%2Fmenu%2Findex%2Fgroup%2Fhuayan.html',
)
[ info ] [ PARAM ] array (
  'id' => '129',
)
[ info ] [ DB ] INIT mysql
[ info ] [ BEHAVIOR ] Run app\common\behavior\Config @app_begin [ RunTime:0.028001s ]
[ info ] [ BEHAVIOR ] Run app\common\behavior\Hook @app_begin [ RunTime:0.019001s ]
[ info ] [ SESSION ] INIT array (
  'id' => '',
  'var_session_id' => '',
  'prefix' => 'dolphin_admin_',
  'type' => '',
  'auto_start' => true,
)
[ info ] [ RUN ] app\huayan\admin\Index->down[ F:\web\huayan\application\huayan\admin\Index.php ]
[ info ] [ LOG ] INIT File
[ sql ] [ DB ] CONNECT:[ UseTime:0.001001s ] mysql:dbname=huayan;host=127.0.0.1;port=3306;charset=utf8
[ sql ] [ SQL ] SHOW COLUMNS FROM `hy_admin_config` [ RunTime:0.006000s ]
[ sql ] [ SQL ] SELECT `name`,`value`,`type` FROM `hy_admin_config` [ RunTime:0.001000s ]
[ sql ] [ SQL ] SHOW COLUMNS FROM `hy_admin_module` [ RunTime:0.004000s ]
[ sql ] [ SQL ] SELECT `name`,`config` FROM `hy_admin_module` WHERE  `config` <> '' [ RunTime:0.001000s ]
[ sql ] [ SQL ] SHOW COLUMNS FROM `hy_admin_hook` [ RunTime:0.005001s ]
[ sql ] [ SQL ] SELECT `name`,`status` FROM `hy_admin_hook` WHERE  `status` = 1 [ RunTime:0.000000s ]
[ sql ] [ SQL ] SHOW COLUMNS FROM `hy_admin_plugin` [ RunTime:0.004000s ]
[ sql ] [ SQL ] SELECT `name`,`status` FROM `hy_admin_plugin` WHERE  `status` = 1 [ RunTime:0.001000s ]
[ sql ] [ SQL ] SHOW COLUMNS FROM `hy_admin_hook_plugin` [ RunTime:0.005000s ]
[ sql ] [ SQL ] SELECT * FROM `hy_admin_hook_plugin` WHERE  `status` = 1 ORDER BY hook,sort [ RunTime:0.000000s ]
[ sql ] [ SQL ] SHOW COLUMNS FROM `hy_admin_menu` [ RunTime:0.004000s ]
[ sql ] [ SQL ] SELECT `id`,`pid`,`module`,`title`,`url_value`,`url_type`,`url_target`,`icon` FROM `hy_admin_menu` WHERE  `status` = 1  AND `pid` = 0 ORDER BY sort,id LIMIT 10 [ RunTime:0.000000s ]
[ sql ] [ SQL ] SELECT `id`,`pid`,`module`,`title`,`url_value`,`url_type`,`url_target`,`icon` FROM `hy_admin_menu` WHERE  `status` = 1  AND `pid` = 0 ORDER BY sort,id [ RunTime:0.001000s ]
[ sql ] [ SQL ] SELECT `id` FROM `hy_admin_menu` WHERE  `pid` <> 0  AND `url_value` = 'huayan/index/down' LIMIT 1 [ RunTime:0.001000s ]
[ sql ] [ SQL ] SELECT `id`,`pid`,`title`,`url_value` FROM `hy_admin_menu` [ RunTime:0.000000s ]
[ sql ] [ SQL ] SELECT `id`,`pid`,`module`,`title`,`url_value`,`url_type`,`url_target`,`icon` FROM `hy_admin_menu` WHERE  `status` = 1  AND `module` = 'huayan' ORDER BY sort,id [ RunTime:0.000000s ]
[ sql ] [ SQL ] SELECT `id` FROM `hy_admin_menu` WHERE  `pid` <> 0  AND `url_value` = 'huayan/index/down' LIMIT 1 [ RunTime:0.001000s ]
[ sql ] [ SQL ] SELECT `id`,`pid`,`title`,`url_value` FROM `hy_admin_menu` [ RunTime:0.001000s ]
[ sql ] [ SQL ] SELECT `value` FROM `hy_admin_config` WHERE  `id` = 1 LIMIT 1 [ RunTime:0.000000s ]
[ error ] [8]未定义数组下标: 2[F:\web\huayan\application\common.php:719]
---------------------------------------------------------------
[ 2017-06-16T16:42:18+08:00 ] 127.0.0.1 127.0.0.1 GET /admin.php/huayan/index/down/id/129.html
[ info ] 127.0.0.1:8010/admin.php/huayan/index/down/id/129.html [运行时间：0.145008s][吞吐率：6.90req/s] [内存消耗：6,257.72kb] [文件加载：71]
[ info ] [ CACHE ] INIT File
[ info ] [ LANG ] F:\web\huayan\thinkphp\lang\zh-cn.php
[ info ] [ ROUTE ] array (
  'type' => 'module',
  'module' => 
  array (
    0 => 'huayan',
    1 => 'index',
    2 => 'down',
  ),
)
[ info ] [ HEADER ] array (
  'host' => '127.0.0.1:8010',
  'connection' => 'keep-alive',
  'cache-control' => 'max-age=0',
  'accept' => 'text/html,application/xhtml+xml,application/xml;q=0.9,image/webp,*/*;q=0.8',
  'upgrade-insecure-requests' => '1',
  'user-agent' => 'Mozilla/5.0 (Windows NT 6.1; WOW64) AppleWebKit/537.36 (KHTML, like Gecko) Chrome/50.0.2661.102 Safari/537.36',
  'referer' => 'http://127.0.0.1:8010/admin.php/huayan/index/hylist.html',
  'accept-encoding' => 'gzip, deflate, sdch',
  'accept-language' => 'zh-CN,zh;q=0.8',
  'cookie' => 'PHPSESSID=1485rjc4f8jrtfbq8n601h2jf4; dolphin_home___forward__=%2Fadmin.php%2Fadmin%2Fmenu%2Findex%2Fgroup%2Fhuayan.html',
)
[ info ] [ PARAM ] array (
  'id' => '129',
)
[ info ] [ DB ] INIT mysql
[ info ] [ BEHAVIOR ] Run app\common\behavior\Config @app_begin [ RunTime:0.040002s ]
[ info ] [ BEHAVIOR ] Run app\common\behavior\Hook @app_begin [ RunTime:0.022002s ]
[ info ] [ SESSION ] INIT array (
  'id' => '',
  'var_session_id' => '',
  'prefix' => 'dolphin_admin_',
  'type' => '',
  'auto_start' => true,
)
[ info ] [ RUN ] app\huayan\admin\Index->down[ F:\web\huayan\application\huayan\admin\Index.php ]
[ info ] [ LOG ] INIT File
[ sql ] [ DB ] CONNECT:[ UseTime:0.010000s ] mysql:dbname=huayan;host=127.0.0.1;port=3306;charset=utf8
[ sql ] [ SQL ] SHOW COLUMNS FROM `hy_admin_config` [ RunTime:0.006001s ]
[ sql ] [ SQL ] SELECT `name`,`value`,`type` FROM `hy_admin_config` [ RunTime:0.000000s ]
[ sql ] [ SQL ] SHOW COLUMNS FROM `hy_admin_module` [ RunTime:0.005000s ]
[ sql ] [ SQL ] SELECT `name`,`config` FROM `hy_admin_module` WHERE  `config` <> '' [ RunTime:0.001000s ]
[ sql ] [ SQL ] SHOW COLUMNS FROM `hy_admin_hook` [ RunTime:0.006001s ]
[ sql ] [ SQL ] SELECT `name`,`status` FROM `hy_admin_hook` WHERE  `status` = 1 [ RunTime:0.001000s ]
[ sql ] [ SQL ] SHOW COLUMNS FROM `hy_admin_plugin` [ RunTime:0.005000s ]
[ sql ] [ SQL ] SELECT `name`,`status` FROM `hy_admin_plugin` WHERE  `status` = 1 [ RunTime:0.000000s ]
[ sql ] [ SQL ] SHOW COLUMNS FROM `hy_admin_hook_plugin` [ RunTime:0.004001s ]
[ sql ] [ SQL ] SELECT * FROM `hy_admin_hook_plugin` WHERE  `status` = 1 ORDER BY hook,sort [ RunTime:0.000000s ]
[ sql ] [ SQL ] SHOW COLUMNS FROM `hy_admin_menu` [ RunTime:0.004000s ]
[ sql ] [ SQL ] SELECT `id`,`pid`,`module`,`title`,`url_value`,`url_type`,`url_target`,`icon` FROM `hy_admin_menu` WHERE  `status` = 1  AND `pid` = 0 ORDER BY sort,id LIMIT 10 [ RunTime:0.001000s ]
[ sql ] [ SQL ] SELECT `id`,`pid`,`module`,`title`,`url_value`,`url_type`,`url_target`,`icon` FROM `hy_admin_menu` WHERE  `status` = 1  AND `pid` = 0 ORDER BY sort,id [ RunTime:0.001000s ]
[ sql ] [ SQL ] SELECT `id` FROM `hy_admin_menu` WHERE  `pid` <> 0  AND `url_value` = 'huayan/index/down' LIMIT 1 [ RunTime:0.001000s ]
[ sql ] [ SQL ] SELECT `id`,`pid`,`title`,`url_value` FROM `hy_admin_menu` [ RunTime:0.001000s ]
[ sql ] [ SQL ] SELECT `id`,`pid`,`module`,`title`,`url_value`,`url_type`,`url_target`,`icon` FROM `hy_admin_menu` WHERE  `status` = 1  AND `module` = 'huayan' ORDER BY sort,id [ RunTime:0.000000s ]
[ sql ] [ SQL ] SELECT `id` FROM `hy_admin_menu` WHERE  `pid` <> 0  AND `url_value` = 'huayan/index/down' LIMIT 1 [ RunTime:0.000000s ]
[ sql ] [ SQL ] SELECT `id`,`pid`,`title`,`url_value` FROM `hy_admin_menu` [ RunTime:0.000000s ]
[ sql ] [ SQL ] SELECT `value` FROM `hy_admin_config` WHERE  `id` = 1 LIMIT 1 [ RunTime:0.000000s ]
[ error ] [8]未定义数组下标: 2[F:\web\huayan\application\common.php:719]
---------------------------------------------------------------
[ 2017-06-16T16:42:19+08:00 ] 127.0.0.1 127.0.0.1 GET /admin.php/huayan/index/down/id/129.html
[ info ] 127.0.0.1:8010/admin.php/huayan/index/down/id/129.html [运行时间：0.155009s][吞吐率：6.45req/s] [内存消耗：6,257.72kb] [文件加载：71]
[ info ] [ CACHE ] INIT File
[ info ] [ LANG ] F:\web\huayan\thinkphp\lang\zh-cn.php
[ info ] [ ROUTE ] array (
  'type' => 'module',
  'module' => 
  array (
    0 => 'huayan',
    1 => 'index',
    2 => 'down',
  ),
)
[ info ] [ HEADER ] array (
  'host' => '127.0.0.1:8010',
  'connection' => 'keep-alive',
  'cache-control' => 'max-age=0',
  'accept' => 'text/html,application/xhtml+xml,application/xml;q=0.9,image/webp,*/*;q=0.8',
  'upgrade-insecure-requests' => '1',
  'user-agent' => 'Mozilla/5.0 (Windows NT 6.1; WOW64) AppleWebKit/537.36 (KHTML, like Gecko) Chrome/50.0.2661.102 Safari/537.36',
  'referer' => 'http://127.0.0.1:8010/admin.php/huayan/index/hylist.html',
  'accept-encoding' => 'gzip, deflate, sdch',
  'accept-language' => 'zh-CN,zh;q=0.8',
  'cookie' => 'PHPSESSID=1485rjc4f8jrtfbq8n601h2jf4; dolphin_home___forward__=%2Fadmin.php%2Fadmin%2Fmenu%2Findex%2Fgroup%2Fhuayan.html',
)
[ info ] [ PARAM ] array (
  'id' => '129',
)
[ info ] [ DB ] INIT mysql
[ info ] [ BEHAVIOR ] Run app\common\behavior\Config @app_begin [ RunTime:0.039002s ]
[ info ] [ BEHAVIOR ] Run app\common\behavior\Hook @app_begin [ RunTime:0.026002s ]
[ info ] [ SESSION ] INIT array (
  'id' => '',
  'var_session_id' => '',
  'prefix' => 'dolphin_admin_',
  'type' => '',
  'auto_start' => true,
)
[ info ] [ RUN ] app\huayan\admin\Index->down[ F:\web\huayan\application\huayan\admin\Index.php ]
[ info ] [ LOG ] INIT File
[ sql ] [ DB ] CONNECT:[ UseTime:0.010000s ] mysql:dbname=huayan;host=127.0.0.1;port=3306;charset=utf8
[ sql ] [ SQL ] SHOW COLUMNS FROM `hy_admin_config` [ RunTime:0.005001s ]
[ sql ] [ SQL ] SELECT `name`,`value`,`type` FROM `hy_admin_config` [ RunTime:0.000000s ]
[ sql ] [ SQL ] SHOW COLUMNS FROM `hy_admin_module` [ RunTime:0.005000s ]
[ sql ] [ SQL ] SELECT `name`,`config` FROM `hy_admin_module` WHERE  `config` <> '' [ RunTime:0.001000s ]
[ sql ] [ SQL ] SHOW COLUMNS FROM `hy_admin_hook` [ RunTime:0.005001s ]
[ sql ] [ SQL ] SELECT `name`,`status` FROM `hy_admin_hook` WHERE  `status` = 1 [ RunTime:0.000000s ]
[ sql ] [ SQL ] SHOW COLUMNS FROM `hy_admin_plugin` [ RunTime:0.005000s ]
[ sql ] [ SQL ] SELECT `name`,`status` FROM `hy_admin_plugin` WHERE  `status` = 1 [ RunTime:0.000000s ]
[ sql ] [ SQL ] SHOW COLUMNS FROM `hy_admin_hook_plugin` [ RunTime:0.006001s ]
[ sql ] [ SQL ] SELECT * FROM `hy_admin_hook_plugin` WHERE  `status` = 1 ORDER BY hook,sort [ RunTime:0.000000s ]
[ sql ] [ SQL ] SHOW COLUMNS FROM `hy_admin_menu` [ RunTime:0.006001s ]
[ sql ] [ SQL ] SELECT `id`,`pid`,`module`,`title`,`url_value`,`url_type`,`url_target`,`icon` FROM `hy_admin_menu` WHERE  `status` = 1  AND `pid` = 0 ORDER BY sort,id LIMIT 10 [ RunTime:0.000000s ]
[ sql ] [ SQL ] SELECT `id`,`pid`,`module`,`title`,`url_value`,`url_type`,`url_target`,`icon` FROM `hy_admin_menu` WHERE  `status` = 1  AND `pid` = 0 ORDER BY sort,id [ RunTime:0.000000s ]
[ sql ] [ SQL ] SELECT `id` FROM `hy_admin_menu` WHERE  `pid` <> 0  AND `url_value` = 'huayan/index/down' LIMIT 1 [ RunTime:0.001000s ]
[ sql ] [ SQL ] SELECT `id`,`pid`,`title`,`url_value` FROM `hy_admin_menu` [ RunTime:0.000000s ]
[ sql ] [ SQL ] SELECT `id`,`pid`,`module`,`title`,`url_value`,`url_type`,`url_target`,`icon` FROM `hy_admin_menu` WHERE  `status` = 1  AND `module` = 'huayan' ORDER BY sort,id [ RunTime:0.001000s ]
[ sql ] [ SQL ] SELECT `id` FROM `hy_admin_menu` WHERE  `pid` <> 0  AND `url_value` = 'huayan/index/down' LIMIT 1 [ RunTime:0.001000s ]
[ sql ] [ SQL ] SELECT `id`,`pid`,`title`,`url_value` FROM `hy_admin_menu` [ RunTime:0.001001s ]
[ sql ] [ SQL ] SELECT `value` FROM `hy_admin_config` WHERE  `id` = 1 LIMIT 1 [ RunTime:0.001000s ]
[ error ] [8]未定义数组下标: 2[F:\web\huayan\application\common.php:719]
---------------------------------------------------------------
[ 2017-06-16T16:43:12+08:00 ] 127.0.0.1 127.0.0.1 GET /admin.php/huayan/index/down/id/129.html
[ info ] 127.0.0.1:8010/admin.php/huayan/index/down/id/129.html [运行时间：0.138008s][吞吐率：7.25req/s] [内存消耗：6,289.04kb] [文件加载：71]
[ info ] [ CACHE ] INIT File
[ info ] [ LANG ] F:\web\huayan\thinkphp\lang\zh-cn.php
[ info ] [ ROUTE ] array (
  'type' => 'module',
  'module' => 
  array (
    0 => 'huayan',
    1 => 'index',
    2 => 'down',
  ),
)
[ info ] [ HEADER ] array (
  'host' => '127.0.0.1:8010',
  'connection' => 'keep-alive',
  'cache-control' => 'max-age=0',
  'accept' => 'text/html,application/xhtml+xml,application/xml;q=0.9,image/webp,*/*;q=0.8',
  'upgrade-insecure-requests' => '1',
  'user-agent' => 'Mozilla/5.0 (Windows NT 6.1; WOW64) AppleWebKit/537.36 (KHTML, like Gecko) Chrome/50.0.2661.102 Safari/537.36',
  'referer' => 'http://127.0.0.1:8010/admin.php/huayan/index/hylist.html',
  'accept-encoding' => 'gzip, deflate, sdch',
  'accept-language' => 'zh-CN,zh;q=0.8',
  'cookie' => 'PHPSESSID=1485rjc4f8jrtfbq8n601h2jf4; dolphin_home___forward__=%2Fadmin.php%2Fadmin%2Fmenu%2Findex%2Fgroup%2Fhuayan.html',
)
[ info ] [ PARAM ] array (
  'id' => '129',
)
[ info ] [ DB ] INIT mysql
[ info ] [ BEHAVIOR ] Run app\common\behavior\Config @app_begin [ RunTime:0.036002s ]
[ info ] [ BEHAVIOR ] Run app\common\behavior\Hook @app_begin [ RunTime:0.018001s ]
[ info ] [ SESSION ] INIT array (
  'id' => '',
  'var_session_id' => '',
  'prefix' => 'dolphin_admin_',
  'type' => '',
  'auto_start' => true,
)
[ info ] [ RUN ] app\huayan\admin\Index->down[ F:\web\huayan\application\huayan\admin\Index.php ]
[ info ] [ LOG ] INIT File
[ sql ] [ DB ] CONNECT:[ UseTime:0.010001s ] mysql:dbname=huayan;host=127.0.0.1;port=3306;charset=utf8
[ sql ] [ SQL ] SHOW COLUMNS FROM `hy_admin_config` [ RunTime:0.005000s ]
[ sql ] [ SQL ] SELECT `name`,`value`,`type` FROM `hy_admin_config` [ RunTime:0.001000s ]
[ sql ] [ SQL ] SHOW COLUMNS FROM `hy_admin_module` [ RunTime:0.004000s ]
[ sql ] [ SQL ] SELECT `name`,`config` FROM `hy_admin_module` WHERE  `config` <> '' [ RunTime:0.001000s ]
[ sql ] [ SQL ] SHOW COLUMNS FROM `hy_admin_hook` [ RunTime:0.004001s ]
[ sql ] [ SQL ] SELECT `name`,`status` FROM `hy_admin_hook` WHERE  `status` = 1 [ RunTime:0.001000s ]
[ sql ] [ SQL ] SHOW COLUMNS FROM `hy_admin_plugin` [ RunTime:0.004000s ]
[ sql ] [ SQL ] SELECT `name`,`status` FROM `hy_admin_plugin` WHERE  `status` = 1 [ RunTime:0.000000s ]
[ sql ] [ SQL ] SHOW COLUMNS FROM `hy_admin_hook_plugin` [ RunTime:0.004000s ]
[ sql ] [ SQL ] SELECT * FROM `hy_admin_hook_plugin` WHERE  `status` = 1 ORDER BY hook,sort [ RunTime:0.001000s ]
[ sql ] [ SQL ] SHOW COLUMNS FROM `hy_admin_menu` [ RunTime:0.004000s ]
[ sql ] [ SQL ] SELECT `id`,`pid`,`module`,`title`,`url_value`,`url_type`,`url_target`,`icon` FROM `hy_admin_menu` WHERE  `status` = 1  AND `pid` = 0 ORDER BY sort,id LIMIT 10 [ RunTime:0.000000s ]
[ sql ] [ SQL ] SELECT `id`,`pid`,`module`,`title`,`url_value`,`url_type`,`url_target`,`icon` FROM `hy_admin_menu` WHERE  `status` = 1  AND `pid` = 0 ORDER BY sort,id [ RunTime:0.001000s ]
[ sql ] [ SQL ] SELECT `id` FROM `hy_admin_menu` WHERE  `pid` <> 0  AND `url_value` = 'huayan/index/down' LIMIT 1 [ RunTime:0.000000s ]
[ sql ] [ SQL ] SELECT `id`,`pid`,`title`,`url_value` FROM `hy_admin_menu` [ RunTime:0.001000s ]
[ sql ] [ SQL ] SELECT `id`,`pid`,`module`,`title`,`url_value`,`url_type`,`url_target`,`icon` FROM `hy_admin_menu` WHERE  `status` = 1  AND `module` = 'huayan' ORDER BY sort,id [ RunTime:0.001000s ]
[ sql ] [ SQL ] SELECT `id` FROM `hy_admin_menu` WHERE  `pid` <> 0  AND `url_value` = 'huayan/index/down' LIMIT 1 [ RunTime:0.001000s ]
[ sql ] [ SQL ] SELECT `id`,`pid`,`title`,`url_value` FROM `hy_admin_menu` [ RunTime:0.001000s ]
[ sql ] [ SQL ] SELECT `value` FROM `hy_admin_config` WHERE  `id` = 1 LIMIT 1 [ RunTime:0.000000s ]
[ error ] [1]Class 'plugins\1.php\controller\' not found[F:\web\huayan\application\common.php:725]
---------------------------------------------------------------
[ 2017-06-16T16:43:40+08:00 ] 127.0.0.1 127.0.0.1 GET /admin.php/huayan/index/down/id/129.html
[ info ] 127.0.0.1:8010/admin.php/huayan/index/down/id/129.html [运行时间：0.165009s][吞吐率：6.06req/s] [内存消耗：6,289.05kb] [文件加载：71]
[ info ] [ CACHE ] INIT File
[ info ] [ LANG ] F:\web\huayan\thinkphp\lang\zh-cn.php
[ info ] [ ROUTE ] array (
  'type' => 'module',
  'module' => 
  array (
    0 => 'huayan',
    1 => 'index',
    2 => 'down',
  ),
)
[ info ] [ HEADER ] array (
  'host' => '127.0.0.1:8010',
  'connection' => 'keep-alive',
  'cache-control' => 'max-age=0',
  'accept' => 'text/html,application/xhtml+xml,application/xml;q=0.9,image/webp,*/*;q=0.8',
  'upgrade-insecure-requests' => '1',
  'user-agent' => 'Mozilla/5.0 (Windows NT 6.1; WOW64) AppleWebKit/537.36 (KHTML, like Gecko) Chrome/50.0.2661.102 Safari/537.36',
  'referer' => 'http://127.0.0.1:8010/admin.php/huayan/index/hylist.html',
  'accept-encoding' => 'gzip, deflate, sdch',
  'accept-language' => 'zh-CN,zh;q=0.8',
  'cookie' => 'PHPSESSID=1485rjc4f8jrtfbq8n601h2jf4; dolphin_home___forward__=%2Fadmin.php%2Fadmin%2Fmenu%2Findex%2Fgroup%2Fhuayan.html',
)
[ info ] [ PARAM ] array (
  'id' => '129',
)
[ info ] [ DB ] INIT mysql
[ info ] [ BEHAVIOR ] Run app\common\behavior\Config @app_begin [ RunTime:0.039002s ]
[ info ] [ BEHAVIOR ] Run app\common\behavior\Hook @app_begin [ RunTime:0.027002s ]
[ info ] [ SESSION ] INIT array (
  'id' => '',
  'var_session_id' => '',
  'prefix' => 'dolphin_admin_',
  'type' => '',
  'auto_start' => true,
)
[ info ] [ RUN ] app\huayan\admin\Index->down[ F:\web\huayan\application\huayan\admin\Index.php ]
[ info ] [ LOG ] INIT File
[ sql ] [ DB ] CONNECT:[ UseTime:0.010001s ] mysql:dbname=huayan;host=127.0.0.1;port=3306;charset=utf8
[ sql ] [ SQL ] SHOW COLUMNS FROM `hy_admin_config` [ RunTime:0.005000s ]
[ sql ] [ SQL ] SELECT `name`,`value`,`type` FROM `hy_admin_config` [ RunTime:0.000000s ]
[ sql ] [ SQL ] SHOW COLUMNS FROM `hy_admin_module` [ RunTime:0.005000s ]
[ sql ] [ SQL ] SELECT `name`,`config` FROM `hy_admin_module` WHERE  `config` <> '' [ RunTime:0.001000s ]
[ sql ] [ SQL ] SHOW COLUMNS FROM `hy_admin_hook` [ RunTime:0.006000s ]
[ sql ] [ SQL ] SELECT `name`,`status` FROM `hy_admin_hook` WHERE  `status` = 1 [ RunTime:0.000000s ]
[ sql ] [ SQL ] SHOW COLUMNS FROM `hy_admin_plugin` [ RunTime:0.005000s ]
[ sql ] [ SQL ] SELECT `name`,`status` FROM `hy_admin_plugin` WHERE  `status` = 1 [ RunTime:0.001000s ]
[ sql ] [ SQL ] SHOW COLUMNS FROM `hy_admin_hook_plugin` [ RunTime:0.006000s ]
[ sql ] [ SQL ] SELECT * FROM `hy_admin_hook_plugin` WHERE  `status` = 1 ORDER BY hook,sort [ RunTime:0.001000s ]
[ sql ] [ SQL ] SHOW COLUMNS FROM `hy_admin_menu` [ RunTime:0.006000s ]
[ sql ] [ SQL ] SELECT `id`,`pid`,`module`,`title`,`url_value`,`url_type`,`url_target`,`icon` FROM `hy_admin_menu` WHERE  `status` = 1  AND `pid` = 0 ORDER BY sort,id LIMIT 10 [ RunTime:0.001000s ]
[ sql ] [ SQL ] SELECT `id`,`pid`,`module`,`title`,`url_value`,`url_type`,`url_target`,`icon` FROM `hy_admin_menu` WHERE  `status` = 1  AND `pid` = 0 ORDER BY sort,id [ RunTime:0.001000s ]
[ sql ] [ SQL ] SELECT `id` FROM `hy_admin_menu` WHERE  `pid` <> 0  AND `url_value` = 'huayan/index/down' LIMIT 1 [ RunTime:0.001000s ]
[ sql ] [ SQL ] SELECT `id`,`pid`,`title`,`url_value` FROM `hy_admin_menu` [ RunTime:0.001000s ]
[ sql ] [ SQL ] SELECT `id`,`pid`,`module`,`title`,`url_value`,`url_type`,`url_target`,`icon` FROM `hy_admin_menu` WHERE  `status` = 1  AND `module` = 'huayan' ORDER BY sort,id [ RunTime:0.001000s ]
[ sql ] [ SQL ] SELECT `id` FROM `hy_admin_menu` WHERE  `pid` <> 0  AND `url_value` = 'huayan/index/down' LIMIT 1 [ RunTime:0.000000s ]
[ sql ] [ SQL ] SELECT `id`,`pid`,`title`,`url_value` FROM `hy_admin_menu` [ RunTime:0.001000s ]
[ sql ] [ SQL ] SELECT `value` FROM `hy_admin_config` WHERE  `id` = 1 LIMIT 1 [ RunTime:0.000000s ]
[ error ] [1]Class 'plugins\Excel.php\controller\' not found[F:\web\huayan\application\common.php:725]
---------------------------------------------------------------
[ 2017-06-16T16:43:47+08:00 ] 127.0.0.1 127.0.0.1 GET /admin.php/huayan/index/down/id/129.html
[ info ] 127.0.0.1:8010/admin.php/huayan/index/down/id/129.html [运行时间：0.146008s][吞吐率：6.85req/s] [内存消耗：6,289.25kb] [文件加载：71]
[ info ] [ CACHE ] INIT File
[ info ] [ LANG ] F:\web\huayan\thinkphp\lang\zh-cn.php
[ info ] [ ROUTE ] array (
  'type' => 'module',
  'module' => 
  array (
    0 => 'huayan',
    1 => 'index',
    2 => 'down',
  ),
)
[ info ] [ HEADER ] array (
  'host' => '127.0.0.1:8010',
  'connection' => 'keep-alive',
  'cache-control' => 'max-age=0',
  'accept' => 'text/html,application/xhtml+xml,application/xml;q=0.9,image/webp,*/*;q=0.8',
  'upgrade-insecure-requests' => '1',
  'user-agent' => 'Mozilla/5.0 (Windows NT 6.1; WOW64) AppleWebKit/537.36 (KHTML, like Gecko) Chrome/50.0.2661.102 Safari/537.36',
  'referer' => 'http://127.0.0.1:8010/admin.php/huayan/index/hylist.html',
  'accept-encoding' => 'gzip, deflate, sdch',
  'accept-language' => 'zh-CN,zh;q=0.8',
  'cookie' => 'PHPSESSID=1485rjc4f8jrtfbq8n601h2jf4; dolphin_home___forward__=%2Fadmin.php%2Fadmin%2Fmenu%2Findex%2Fgroup%2Fhuayan.html',
)
[ info ] [ PARAM ] array (
  'id' => '129',
)
[ info ] [ DB ] INIT mysql
[ info ] [ BEHAVIOR ] Run app\common\behavior\Config @app_begin [ RunTime:0.040003s ]
[ info ] [ BEHAVIOR ] Run app\common\behavior\Hook @app_begin [ RunTime:0.020001s ]
[ info ] [ SESSION ] INIT array (
  'id' => '',
  'var_session_id' => '',
  'prefix' => 'dolphin_admin_',
  'type' => '',
  'auto_start' => true,
)
[ info ] [ RUN ] app\huayan\admin\Index->down[ F:\web\huayan\application\huayan\admin\Index.php ]
[ info ] [ LOG ] INIT File
[ sql ] [ DB ] CONNECT:[ UseTime:0.010001s ] mysql:dbname=huayan;host=127.0.0.1;port=3306;charset=utf8
[ sql ] [ SQL ] SHOW COLUMNS FROM `hy_admin_config` [ RunTime:0.004000s ]
[ sql ] [ SQL ] SELECT `name`,`value`,`type` FROM `hy_admin_config` [ RunTime:0.000000s ]
[ sql ] [ SQL ] SHOW COLUMNS FROM `hy_admin_module` [ RunTime:0.005001s ]
[ sql ] [ SQL ] SELECT `name`,`config` FROM `hy_admin_module` WHERE  `config` <> '' [ RunTime:0.000000s ]
[ sql ] [ SQL ] SHOW COLUMNS FROM `hy_admin_hook` [ RunTime:0.004000s ]
[ sql ] [ SQL ] SELECT `name`,`status` FROM `hy_admin_hook` WHERE  `status` = 1 [ RunTime:0.001000s ]
[ sql ] [ SQL ] SHOW COLUMNS FROM `hy_admin_plugin` [ RunTime:0.005000s ]
[ sql ] [ SQL ] SELECT `name`,`status` FROM `hy_admin_plugin` WHERE  `status` = 1 [ RunTime:0.001001s ]
[ sql ] [ SQL ] SHOW COLUMNS FROM `hy_admin_hook_plugin` [ RunTime:0.004000s ]
[ sql ] [ SQL ] SELECT * FROM `hy_admin_hook_plugin` WHERE  `status` = 1 ORDER BY hook,sort [ RunTime:0.001000s ]
[ sql ] [ SQL ] SHOW COLUMNS FROM `hy_admin_menu` [ RunTime:0.006001s ]
[ sql ] [ SQL ] SELECT `id`,`pid`,`module`,`title`,`url_value`,`url_type`,`url_target`,`icon` FROM `hy_admin_menu` WHERE  `status` = 1  AND `pid` = 0 ORDER BY sort,id LIMIT 10 [ RunTime:0.000000s ]
[ sql ] [ SQL ] SELECT `id`,`pid`,`module`,`title`,`url_value`,`url_type`,`url_target`,`icon` FROM `hy_admin_menu` WHERE  `status` = 1  AND `pid` = 0 ORDER BY sort,id [ RunTime:0.000000s ]
[ sql ] [ SQL ] SELECT `id` FROM `hy_admin_menu` WHERE  `pid` <> 0  AND `url_value` = 'huayan/index/down' LIMIT 1 [ RunTime:0.001000s ]
[ sql ] [ SQL ] SELECT `id`,`pid`,`title`,`url_value` FROM `hy_admin_menu` [ RunTime:0.001000s ]
[ sql ] [ SQL ] SELECT `id`,`pid`,`module`,`title`,`url_value`,`url_type`,`url_target`,`icon` FROM `hy_admin_menu` WHERE  `status` = 1  AND `module` = 'huayan' ORDER BY sort,id [ RunTime:0.000000s ]
[ sql ] [ SQL ] SELECT `id` FROM `hy_admin_menu` WHERE  `pid` <> 0  AND `url_value` = 'huayan/index/down' LIMIT 1 [ RunTime:0.000000s ]
[ sql ] [ SQL ] SELECT `id`,`pid`,`title`,`url_value` FROM `hy_admin_menu` [ RunTime:0.000000s ]
[ sql ] [ SQL ] SELECT `value` FROM `hy_admin_config` WHERE  `id` = 1 LIMIT 1 [ RunTime:0.000000s ]
[ error ] [1]Class 'plugins\Excel\controller\' not found[F:\web\huayan\application\common.php:725]
---------------------------------------------------------------
[ 2017-06-16T16:43:48+08:00 ] 127.0.0.1 127.0.0.1 GET /admin.php/huayan/index/down/id/129.html
[ info ] 127.0.0.1:8010/admin.php/huayan/index/down/id/129.html [运行时间：0.128008s][吞吐率：7.81req/s] [内存消耗：6,289.25kb] [文件加载：71]
[ info ] [ CACHE ] INIT File
[ info ] [ LANG ] F:\web\huayan\thinkphp\lang\zh-cn.php
[ info ] [ ROUTE ] array (
  'type' => 'module',
  'module' => 
  array (
    0 => 'huayan',
    1 => 'index',
    2 => 'down',
  ),
)
[ info ] [ HEADER ] array (
  'host' => '127.0.0.1:8010',
  'connection' => 'keep-alive',
  'cache-control' => 'max-age=0',
  'accept' => 'text/html,application/xhtml+xml,application/xml;q=0.9,image/webp,*/*;q=0.8',
  'upgrade-insecure-requests' => '1',
  'user-agent' => 'Mozilla/5.0 (Windows NT 6.1; WOW64) AppleWebKit/537.36 (KHTML, like Gecko) Chrome/50.0.2661.102 Safari/537.36',
  'referer' => 'http://127.0.0.1:8010/admin.php/huayan/index/hylist.html',
  'accept-encoding' => 'gzip, deflate, sdch',
  'accept-language' => 'zh-CN,zh;q=0.8',
  'cookie' => 'PHPSESSID=1485rjc4f8jrtfbq8n601h2jf4; dolphin_home___forward__=%2Fadmin.php%2Fadmin%2Fmenu%2Findex%2Fgroup%2Fhuayan.html',
)
[ info ] [ PARAM ] array (
  'id' => '129',
)
[ info ] [ DB ] INIT mysql
[ info ] [ BEHAVIOR ] Run app\common\behavior\Config @app_begin [ RunTime:0.031001s ]
[ info ] [ BEHAVIOR ] Run app\common\behavior\Hook @app_begin [ RunTime:0.020001s ]
[ info ] [ SESSION ] INIT array (
  'id' => '',
  'var_session_id' => '',
  'prefix' => 'dolphin_admin_',
  'type' => '',
  'auto_start' => true,
)
[ info ] [ RUN ] app\huayan\admin\Index->down[ F:\web\huayan\application\huayan\admin\Index.php ]
[ info ] [ LOG ] INIT File
[ sql ] [ DB ] CONNECT:[ UseTime:0.010001s ] mysql:dbname=huayan;host=127.0.0.1;port=3306;charset=utf8
[ sql ] [ SQL ] SHOW COLUMNS FROM `hy_admin_config` [ RunTime:0.004000s ]
[ sql ] [ SQL ] SELECT `name`,`value`,`type` FROM `hy_admin_config` [ RunTime:0.001000s ]
[ sql ] [ SQL ] SHOW COLUMNS FROM `hy_admin_module` [ RunTime:0.005000s ]
[ sql ] [ SQL ] SELECT `name`,`config` FROM `hy_admin_module` WHERE  `config` <> '' [ RunTime:0.000000s ]
[ sql ] [ SQL ] SHOW COLUMNS FROM `hy_admin_hook` [ RunTime:0.004001s ]
[ sql ] [ SQL ] SELECT `name`,`status` FROM `hy_admin_hook` WHERE  `status` = 1 [ RunTime:0.000000s ]
[ sql ] [ SQL ] SHOW COLUMNS FROM `hy_admin_plugin` [ RunTime:0.003000s ]
[ sql ] [ SQL ] SELECT `name`,`status` FROM `hy_admin_plugin` WHERE  `status` = 1 [ RunTime:0.001000s ]
[ sql ] [ SQL ] SHOW COLUMNS FROM `hy_admin_hook_plugin` [ RunTime:0.005000s ]
[ sql ] [ SQL ] SELECT * FROM `hy_admin_hook_plugin` WHERE  `status` = 1 ORDER BY hook,sort [ RunTime:0.000000s ]
[ sql ] [ SQL ] SHOW COLUMNS FROM `hy_admin_menu` [ RunTime:0.005000s ]
[ sql ] [ SQL ] SELECT `id`,`pid`,`module`,`title`,`url_value`,`url_type`,`url_target`,`icon` FROM `hy_admin_menu` WHERE  `status` = 1  AND `pid` = 0 ORDER BY sort,id LIMIT 10 [ RunTime:0.000000s ]
[ sql ] [ SQL ] SELECT `id`,`pid`,`module`,`title`,`url_value`,`url_type`,`url_target`,`icon` FROM `hy_admin_menu` WHERE  `status` = 1  AND `pid` = 0 ORDER BY sort,id [ RunTime:0.000000s ]
[ sql ] [ SQL ] SELECT `id` FROM `hy_admin_menu` WHERE  `pid` <> 0  AND `url_value` = 'huayan/index/down' LIMIT 1 [ RunTime:0.000000s ]
[ sql ] [ SQL ] SELECT `id`,`pid`,`title`,`url_value` FROM `hy_admin_menu` [ RunTime:0.001000s ]
[ sql ] [ SQL ] SELECT `id`,`pid`,`module`,`title`,`url_value`,`url_type`,`url_target`,`icon` FROM `hy_admin_menu` WHERE  `status` = 1  AND `module` = 'huayan' ORDER BY sort,id [ RunTime:0.001000s ]
[ sql ] [ SQL ] SELECT `id` FROM `hy_admin_menu` WHERE  `pid` <> 0  AND `url_value` = 'huayan/index/down' LIMIT 1 [ RunTime:0.000000s ]
[ sql ] [ SQL ] SELECT `id`,`pid`,`title`,`url_value` FROM `hy_admin_menu` [ RunTime:0.000000s ]
[ sql ] [ SQL ] SELECT `value` FROM `hy_admin_config` WHERE  `id` = 1 LIMIT 1 [ RunTime:0.000000s ]
[ error ] [1]Class 'plugins\Excel\controller\' not found[F:\web\huayan\application\common.php:725]
---------------------------------------------------------------
[ 2017-06-16T16:44:10+08:00 ] 127.0.0.1 127.0.0.1 GET /admin.php/huayan/index/down/id/129.html
[ info ] 127.0.0.1:8010/admin.php/huayan/index/down/id/129.html [运行时间：0.116007s][吞吐率：8.62req/s] [内存消耗：6,289.42kb] [文件加载：71]
[ info ] [ CACHE ] INIT File
[ info ] [ LANG ] F:\web\huayan\thinkphp\lang\zh-cn.php
[ info ] [ ROUTE ] array (
  'type' => 'module',
  'module' => 
  array (
    0 => 'huayan',
    1 => 'index',
    2 => 'down',
  ),
)
[ info ] [ HEADER ] array (
  'host' => '127.0.0.1:8010',
  'connection' => 'keep-alive',
  'cache-control' => 'max-age=0',
  'accept' => 'text/html,application/xhtml+xml,application/xml;q=0.9,image/webp,*/*;q=0.8',
  'upgrade-insecure-requests' => '1',
  'user-agent' => 'Mozilla/5.0 (Windows NT 6.1; WOW64) AppleWebKit/537.36 (KHTML, like Gecko) Chrome/50.0.2661.102 Safari/537.36',
  'referer' => 'http://127.0.0.1:8010/admin.php/huayan/index/hylist.html',
  'accept-encoding' => 'gzip, deflate, sdch',
  'accept-language' => 'zh-CN,zh;q=0.8',
  'cookie' => 'PHPSESSID=1485rjc4f8jrtfbq8n601h2jf4; dolphin_home___forward__=%2Fadmin.php%2Fadmin%2Fmenu%2Findex%2Fgroup%2Fhuayan.html',
)
[ info ] [ PARAM ] array (
  'id' => '129',
)
[ info ] [ DB ] INIT mysql
[ info ] [ BEHAVIOR ] Run app\common\behavior\Config @app_begin [ RunTime:0.025001s ]
[ info ] [ BEHAVIOR ] Run app\common\behavior\Hook @app_begin [ RunTime:0.018001s ]
[ info ] [ SESSION ] INIT array (
  'id' => '',
  'var_session_id' => '',
  'prefix' => 'dolphin_admin_',
  'type' => '',
  'auto_start' => true,
)
[ info ] [ RUN ] app\huayan\admin\Index->down[ F:\web\huayan\application\huayan\admin\Index.php ]
[ info ] [ LOG ] INIT File
[ sql ] [ DB ] CONNECT:[ UseTime:0.000000s ] mysql:dbname=huayan;host=127.0.0.1;port=3306;charset=utf8
[ sql ] [ SQL ] SHOW COLUMNS FROM `hy_admin_config` [ RunTime:0.005000s ]
[ sql ] [ SQL ] SELECT `name`,`value`,`type` FROM `hy_admin_config` [ RunTime:0.001000s ]
[ sql ] [ SQL ] SHOW COLUMNS FROM `hy_admin_module` [ RunTime:0.004000s ]
[ sql ] [ SQL ] SELECT `name`,`config` FROM `hy_admin_module` WHERE  `config` <> '' [ RunTime:0.000000s ]
[ sql ] [ SQL ] SHOW COLUMNS FROM `hy_admin_hook` [ RunTime:0.004001s ]
[ sql ] [ SQL ] SELECT `name`,`status` FROM `hy_admin_hook` WHERE  `status` = 1 [ RunTime:0.001000s ]
[ sql ] [ SQL ] SHOW COLUMNS FROM `hy_admin_plugin` [ RunTime:0.003000s ]
[ sql ] [ SQL ] SELECT `name`,`status` FROM `hy_admin_plugin` WHERE  `status` = 1 [ RunTime:0.001000s ]
[ sql ] [ SQL ] SHOW COLUMNS FROM `hy_admin_hook_plugin` [ RunTime:0.004000s ]
[ sql ] [ SQL ] SELECT * FROM `hy_admin_hook_plugin` WHERE  `status` = 1 ORDER BY hook,sort [ RunTime:0.000000s ]
[ sql ] [ SQL ] SHOW COLUMNS FROM `hy_admin_menu` [ RunTime:0.004000s ]
[ sql ] [ SQL ] SELECT `id`,`pid`,`module`,`title`,`url_value`,`url_type`,`url_target`,`icon` FROM `hy_admin_menu` WHERE  `status` = 1  AND `pid` = 0 ORDER BY sort,id LIMIT 10 [ RunTime:0.000000s ]
[ sql ] [ SQL ] SELECT `id`,`pid`,`module`,`title`,`url_value`,`url_type`,`url_target`,`icon` FROM `hy_admin_menu` WHERE  `status` = 1  AND `pid` = 0 ORDER BY sort,id [ RunTime:0.000000s ]
[ sql ] [ SQL ] SELECT `id` FROM `hy_admin_menu` WHERE  `pid` <> 0  AND `url_value` = 'huayan/index/down' LIMIT 1 [ RunTime:0.001001s ]
[ sql ] [ SQL ] SELECT `id`,`pid`,`title`,`url_value` FROM `hy_admin_menu` [ RunTime:0.001000s ]
[ sql ] [ SQL ] SELECT `id`,`pid`,`module`,`title`,`url_value`,`url_type`,`url_target`,`icon` FROM `hy_admin_menu` WHERE  `status` = 1  AND `module` = 'huayan' ORDER BY sort,id [ RunTime:0.000000s ]
[ sql ] [ SQL ] SELECT `id` FROM `hy_admin_menu` WHERE  `pid` <> 0  AND `url_value` = 'huayan/index/down' LIMIT 1 [ RunTime:0.000000s ]
[ sql ] [ SQL ] SELECT `id`,`pid`,`title`,`url_value` FROM `hy_admin_menu` [ RunTime:0.000000s ]
[ sql ] [ SQL ] SELECT `value` FROM `hy_admin_config` WHERE  `id` = 1 LIMIT 1 [ RunTime:0.001000s ]
[ error ] [1]Class 'plugins\Excel\Excel\controller\' not found[F:\web\huayan\application\common.php:725]
---------------------------------------------------------------
[ 2017-06-16T16:44:18+08:00 ] 127.0.0.1 127.0.0.1 GET /admin.php/huayan/index/down/id/129.html
[ info ] 127.0.0.1:8010/admin.php/huayan/index/down/id/129.html [运行时间：0.135007s][吞吐率：7.41req/s] [内存消耗：6,289.25kb] [文件加载：71]
[ info ] [ CACHE ] INIT File
[ info ] [ LANG ] F:\web\huayan\thinkphp\lang\zh-cn.php
[ info ] [ ROUTE ] array (
  'type' => 'module',
  'module' => 
  array (
    0 => 'huayan',
    1 => 'index',
    2 => 'down',
  ),
)
[ info ] [ HEADER ] array (
  'host' => '127.0.0.1:8010',
  'connection' => 'keep-alive',
  'cache-control' => 'max-age=0',
  'accept' => 'text/html,application/xhtml+xml,application/xml;q=0.9,image/webp,*/*;q=0.8',
  'upgrade-insecure-requests' => '1',
  'user-agent' => 'Mozilla/5.0 (Windows NT 6.1; WOW64) AppleWebKit/537.36 (KHTML, like Gecko) Chrome/50.0.2661.102 Safari/537.36',
  'referer' => 'http://127.0.0.1:8010/admin.php/huayan/index/hylist.html',
  'accept-encoding' => 'gzip, deflate, sdch',
  'accept-language' => 'zh-CN,zh;q=0.8',
  'cookie' => 'PHPSESSID=1485rjc4f8jrtfbq8n601h2jf4; dolphin_home___forward__=%2Fadmin.php%2Fadmin%2Fmenu%2Findex%2Fgroup%2Fhuayan.html',
)
[ info ] [ PARAM ] array (
  'id' => '129',
)
[ info ] [ DB ] INIT mysql
[ info ] [ BEHAVIOR ] Run app\common\behavior\Config @app_begin [ RunTime:0.035002s ]
[ info ] [ BEHAVIOR ] Run app\common\behavior\Hook @app_begin [ RunTime:0.019001s ]
[ info ] [ SESSION ] INIT array (
  'id' => '',
  'var_session_id' => '',
  'prefix' => 'dolphin_admin_',
  'type' => '',
  'auto_start' => true,
)
[ info ] [ RUN ] app\huayan\admin\Index->down[ F:\web\huayan\application\huayan\admin\Index.php ]
[ info ] [ LOG ] INIT File
[ sql ] [ DB ] CONNECT:[ UseTime:0.010000s ] mysql:dbname=huayan;host=127.0.0.1;port=3306;charset=utf8
[ sql ] [ SQL ] SHOW COLUMNS FROM `hy_admin_config` [ RunTime:0.004001s ]
[ sql ] [ SQL ] SELECT `name`,`value`,`type` FROM `hy_admin_config` [ RunTime:0.000000s ]
[ sql ] [ SQL ] SHOW COLUMNS FROM `hy_admin_module` [ RunTime:0.004000s ]
[ sql ] [ SQL ] SELECT `name`,`config` FROM `hy_admin_module` WHERE  `config` <> '' [ RunTime:0.001000s ]
[ sql ] [ SQL ] SHOW COLUMNS FROM `hy_admin_hook` [ RunTime:0.004000s ]
[ sql ] [ SQL ] SELECT `name`,`status` FROM `hy_admin_hook` WHERE  `status` = 1 [ RunTime:0.000000s ]
[ sql ] [ SQL ] SHOW COLUMNS FROM `hy_admin_plugin` [ RunTime:0.004001s ]
[ sql ] [ SQL ] SELECT `name`,`status` FROM `hy_admin_plugin` WHERE  `status` = 1 [ RunTime:0.000000s ]
[ sql ] [ SQL ] SHOW COLUMNS FROM `hy_admin_hook_plugin` [ RunTime:0.005000s ]
[ sql ] [ SQL ] SELECT * FROM `hy_admin_hook_plugin` WHERE  `status` = 1 ORDER BY hook,sort [ RunTime:0.001000s ]
[ sql ] [ SQL ] SHOW COLUMNS FROM `hy_admin_menu` [ RunTime:0.004000s ]
[ sql ] [ SQL ] SELECT `id`,`pid`,`module`,`title`,`url_value`,`url_type`,`url_target`,`icon` FROM `hy_admin_menu` WHERE  `status` = 1  AND `pid` = 0 ORDER BY sort,id LIMIT 10 [ RunTime:0.000000s ]
[ sql ] [ SQL ] SELECT `id`,`pid`,`module`,`title`,`url_value`,`url_type`,`url_target`,`icon` FROM `hy_admin_menu` WHERE  `status` = 1  AND `pid` = 0 ORDER BY sort,id [ RunTime:0.000000s ]
[ sql ] [ SQL ] SELECT `id` FROM `hy_admin_menu` WHERE  `pid` <> 0  AND `url_value` = 'huayan/index/down' LIMIT 1 [ RunTime:0.001000s ]
[ sql ] [ SQL ] SELECT `id`,`pid`,`title`,`url_value` FROM `hy_admin_menu` [ RunTime:0.001000s ]
[ sql ] [ SQL ] SELECT `id`,`pid`,`module`,`title`,`url_value`,`url_type`,`url_target`,`icon` FROM `hy_admin_menu` WHERE  `status` = 1  AND `module` = 'huayan' ORDER BY sort,id [ RunTime:0.000000s ]
[ sql ] [ SQL ] SELECT `id` FROM `hy_admin_menu` WHERE  `pid` <> 0  AND `url_value` = 'huayan/index/down' LIMIT 1 [ RunTime:0.000000s ]
[ sql ] [ SQL ] SELECT `id`,`pid`,`title`,`url_value` FROM `hy_admin_menu` [ RunTime:0.001000s ]
[ sql ] [ SQL ] SELECT `value` FROM `hy_admin_config` WHERE  `id` = 1 LIMIT 1 [ RunTime:0.000000s ]
[ error ] [1]Class 'plugins\Excel\controller\' not found[F:\web\huayan\application\common.php:725]
---------------------------------------------------------------
[ 2017-06-16T16:45:07+08:00 ] 127.0.0.1 127.0.0.1 GET /admin.php/huayan/index/down/id/129.html
[ info ] 127.0.0.1:8010/admin.php/huayan/index/down/id/129.html [运行时间：0.119006s][吞吐率：8.40req/s] [内存消耗：6,293.79kb] [文件加载：71]
[ info ] [ CACHE ] INIT File
[ info ] [ LANG ] F:\web\huayan\thinkphp\lang\zh-cn.php
[ info ] [ ROUTE ] array (
  'type' => 'module',
  'module' => 
  array (
    0 => 'huayan',
    1 => 'index',
    2 => 'down',
  ),
)
[ info ] [ HEADER ] array (
  'host' => '127.0.0.1:8010',
  'connection' => 'keep-alive',
  'cache-control' => 'max-age=0',
  'accept' => 'text/html,application/xhtml+xml,application/xml;q=0.9,image/webp,*/*;q=0.8',
  'upgrade-insecure-requests' => '1',
  'user-agent' => 'Mozilla/5.0 (Windows NT 6.1; WOW64) AppleWebKit/537.36 (KHTML, like Gecko) Chrome/50.0.2661.102 Safari/537.36',
  'referer' => 'http://127.0.0.1:8010/admin.php/huayan/index/hylist.html',
  'accept-encoding' => 'gzip, deflate, sdch',
  'accept-language' => 'zh-CN,zh;q=0.8',
  'cookie' => 'PHPSESSID=1485rjc4f8jrtfbq8n601h2jf4; dolphin_home___forward__=%2Fadmin.php%2Fadmin%2Fmenu%2Findex%2Fgroup%2Fhuayan.html',
)
[ info ] [ PARAM ] array (
  'id' => '129',
)
[ info ] [ DB ] INIT mysql
[ info ] [ BEHAVIOR ] Run app\common\behavior\Config @app_begin [ RunTime:0.026002s ]
[ info ] [ BEHAVIOR ] Run app\common\behavior\Hook @app_begin [ RunTime:0.018001s ]
[ info ] [ SESSION ] INIT array (
  'id' => '',
  'var_session_id' => '',
  'prefix' => 'dolphin_admin_',
  'type' => '',
  'auto_start' => true,
)
[ info ] [ RUN ] app\huayan\admin\Index->down[ F:\web\huayan\application\huayan\admin\Index.php ]
[ info ] [ LOG ] INIT File
[ sql ] [ DB ] CONNECT:[ UseTime:0.001000s ] mysql:dbname=huayan;host=127.0.0.1;port=3306;charset=utf8
[ sql ] [ SQL ] SHOW COLUMNS FROM `hy_admin_config` [ RunTime:0.005000s ]
[ sql ] [ SQL ] SELECT `name`,`value`,`type` FROM `hy_admin_config` [ RunTime:0.001000s ]
[ sql ] [ SQL ] SHOW COLUMNS FROM `hy_admin_module` [ RunTime:0.004000s ]
[ sql ] [ SQL ] SELECT `name`,`config` FROM `hy_admin_module` WHERE  `config` <> '' [ RunTime:0.000000s ]
[ sql ] [ SQL ] SHOW COLUMNS FROM `hy_admin_hook` [ RunTime:0.005000s ]
[ sql ] [ SQL ] SELECT `name`,`status` FROM `hy_admin_hook` WHERE  `status` = 1 [ RunTime:0.000000s ]
[ sql ] [ SQL ] SHOW COLUMNS FROM `hy_admin_plugin` [ RunTime:0.004001s ]
[ sql ] [ SQL ] SELECT `name`,`status` FROM `hy_admin_plugin` WHERE  `status` = 1 [ RunTime:0.000000s ]
[ sql ] [ SQL ] SHOW COLUMNS FROM `hy_admin_hook_plugin` [ RunTime:0.003000s ]
[ sql ] [ SQL ] SELECT * FROM `hy_admin_hook_plugin` WHERE  `status` = 1 ORDER BY hook,sort [ RunTime:0.000000s ]
[ sql ] [ SQL ] SHOW COLUMNS FROM `hy_admin_menu` [ RunTime:0.004001s ]
[ sql ] [ SQL ] SELECT `id`,`pid`,`module`,`title`,`url_value`,`url_type`,`url_target`,`icon` FROM `hy_admin_menu` WHERE  `status` = 1  AND `pid` = 0 ORDER BY sort,id LIMIT 10 [ RunTime:0.000000s ]
[ sql ] [ SQL ] SELECT `id`,`pid`,`module`,`title`,`url_value`,`url_type`,`url_target`,`icon` FROM `hy_admin_menu` WHERE  `status` = 1  AND `pid` = 0 ORDER BY sort,id [ RunTime:0.000000s ]
[ sql ] [ SQL ] SELECT `id` FROM `hy_admin_menu` WHERE  `pid` <> 0  AND `url_value` = 'huayan/index/down' LIMIT 1 [ RunTime:0.000000s ]
[ sql ] [ SQL ] SELECT `id`,`pid`,`title`,`url_value` FROM `hy_admin_menu` [ RunTime:0.001000s ]
[ sql ] [ SQL ] SELECT `id`,`pid`,`module`,`title`,`url_value`,`url_type`,`url_target`,`icon` FROM `hy_admin_menu` WHERE  `status` = 1  AND `module` = 'huayan' ORDER BY sort,id [ RunTime:0.000000s ]
[ sql ] [ SQL ] SELECT `id` FROM `hy_admin_menu` WHERE  `pid` <> 0  AND `url_value` = 'huayan/index/down' LIMIT 1 [ RunTime:0.000000s ]
[ sql ] [ SQL ] SELECT `id`,`pid`,`title`,`url_value` FROM `hy_admin_menu` [ RunTime:0.000000s ]
[ sql ] [ SQL ] SELECT `value` FROM `hy_admin_config` WHERE  `id` = 1 LIMIT 1 [ RunTime:0.000000s ]
[ sql ] [ SQL ] SHOW COLUMNS FROM `hy_huayan_article` [ RunTime:0.004000s ]
[ sql ] [ SQL ] SELECT * FROM `hy_huayan_article` WHERE  `id` = 129 [ RunTime:0.000000s ]
[ error ] [8]未定义变量: cellName[F:\web\huayan\application\huayan\admin\Index.php:181]
---------------------------------------------------------------
[ 2017-06-16T16:45:08+08:00 ] 127.0.0.1 127.0.0.1 GET /admin.php/huayan/index/down/id/129.html
[ info ] 127.0.0.1:8010/admin.php/huayan/index/down/id/129.html [运行时间：0.143008s][吞吐率：6.99req/s] [内存消耗：6,293.79kb] [文件加载：71]
[ info ] [ CACHE ] INIT File
[ info ] [ LANG ] F:\web\huayan\thinkphp\lang\zh-cn.php
[ info ] [ ROUTE ] array (
  'type' => 'module',
  'module' => 
  array (
    0 => 'huayan',
    1 => 'index',
    2 => 'down',
  ),
)
[ info ] [ HEADER ] array (
  'host' => '127.0.0.1:8010',
  'connection' => 'keep-alive',
  'cache-control' => 'max-age=0',
  'accept' => 'text/html,application/xhtml+xml,application/xml;q=0.9,image/webp,*/*;q=0.8',
  'upgrade-insecure-requests' => '1',
  'user-agent' => 'Mozilla/5.0 (Windows NT 6.1; WOW64) AppleWebKit/537.36 (KHTML, like Gecko) Chrome/50.0.2661.102 Safari/537.36',
  'referer' => 'http://127.0.0.1:8010/admin.php/huayan/index/hylist.html',
  'accept-encoding' => 'gzip, deflate, sdch',
  'accept-language' => 'zh-CN,zh;q=0.8',
  'cookie' => 'PHPSESSID=1485rjc4f8jrtfbq8n601h2jf4; dolphin_home___forward__=%2Fadmin.php%2Fadmin%2Fmenu%2Findex%2Fgroup%2Fhuayan.html',
)
[ info ] [ PARAM ] array (
  'id' => '129',
)
[ info ] [ DB ] INIT mysql
[ info ] [ BEHAVIOR ] Run app\common\behavior\Config @app_begin [ RunTime:0.035002s ]
[ info ] [ BEHAVIOR ] Run app\common\behavior\Hook @app_begin [ RunTime:0.021002s ]
[ info ] [ SESSION ] INIT array (
  'id' => '',
  'var_session_id' => '',
  'prefix' => 'dolphin_admin_',
  'type' => '',
  'auto_start' => true,
)
[ info ] [ RUN ] app\huayan\admin\Index->down[ F:\web\huayan\application\huayan\admin\Index.php ]
[ info ] [ LOG ] INIT File
[ sql ] [ DB ] CONNECT:[ UseTime:0.010000s ] mysql:dbname=huayan;host=127.0.0.1;port=3306;charset=utf8
[ sql ] [ SQL ] SHOW COLUMNS FROM `hy_admin_config` [ RunTime:0.005001s ]
[ sql ] [ SQL ] SELECT `name`,`value`,`type` FROM `hy_admin_config` [ RunTime:0.001000s ]
[ sql ] [ SQL ] SHOW COLUMNS FROM `hy_admin_module` [ RunTime:0.005000s ]
[ sql ] [ SQL ] SELECT `name`,`config` FROM `hy_admin_module` WHERE  `config` <> '' [ RunTime:0.000000s ]
[ sql ] [ SQL ] SHOW COLUMNS FROM `hy_admin_hook` [ RunTime:0.005001s ]
[ sql ] [ SQL ] SELECT `name`,`status` FROM `hy_admin_hook` WHERE  `status` = 1 [ RunTime:0.000000s ]
[ sql ] [ SQL ] SHOW COLUMNS FROM `hy_admin_plugin` [ RunTime:0.005000s ]
[ sql ] [ SQL ] SELECT `name`,`status` FROM `hy_admin_plugin` WHERE  `status` = 1 [ RunTime:0.000000s ]
[ sql ] [ SQL ] SHOW COLUMNS FROM `hy_admin_hook_plugin` [ RunTime:0.004000s ]
[ sql ] [ SQL ] SELECT * FROM `hy_admin_hook_plugin` WHERE  `status` = 1 ORDER BY hook,sort [ RunTime:0.000000s ]
[ sql ] [ SQL ] SHOW COLUMNS FROM `hy_admin_menu` [ RunTime:0.005000s ]
[ sql ] [ SQL ] SELECT `id`,`pid`,`module`,`title`,`url_value`,`url_type`,`url_target`,`icon` FROM `hy_admin_menu` WHERE  `status` = 1  AND `pid` = 0 ORDER BY sort,id LIMIT 10 [ RunTime:0.000000s ]
[ sql ] [ SQL ] SELECT `id`,`pid`,`module`,`title`,`url_value`,`url_type`,`url_target`,`icon` FROM `hy_admin_menu` WHERE  `status` = 1  AND `pid` = 0 ORDER BY sort,id [ RunTime:0.001000s ]
[ sql ] [ SQL ] SELECT `id` FROM `hy_admin_menu` WHERE  `pid` <> 0  AND `url_value` = 'huayan/index/down' LIMIT 1 [ RunTime:0.001000s ]
[ sql ] [ SQL ] SELECT `id`,`pid`,`title`,`url_value` FROM `hy_admin_menu` [ RunTime:0.000000s ]
[ sql ] [ SQL ] SELECT `id`,`pid`,`module`,`title`,`url_value`,`url_type`,`url_target`,`icon` FROM `hy_admin_menu` WHERE  `status` = 1  AND `module` = 'huayan' ORDER BY sort,id [ RunTime:0.001000s ]
[ sql ] [ SQL ] SELECT `id` FROM `hy_admin_menu` WHERE  `pid` <> 0  AND `url_value` = 'huayan/index/down' LIMIT 1 [ RunTime:0.000000s ]
[ sql ] [ SQL ] SELECT `id`,`pid`,`title`,`url_value` FROM `hy_admin_menu` [ RunTime:0.001000s ]
[ sql ] [ SQL ] SELECT `value` FROM `hy_admin_config` WHERE  `id` = 1 LIMIT 1 [ RunTime:0.000000s ]
[ sql ] [ SQL ] SHOW COLUMNS FROM `hy_huayan_article` [ RunTime:0.005000s ]
[ sql ] [ SQL ] SELECT * FROM `hy_huayan_article` WHERE  `id` = 129 [ RunTime:0.000000s ]
[ error ] [8]未定义变量: cellName[F:\web\huayan\application\huayan\admin\Index.php:181]
---------------------------------------------------------------
[ 2017-06-16T16:45:23+08:00 ] 127.0.0.1 127.0.0.1 GET /admin.php/huayan/index/down/id/129.html
[ info ] 127.0.0.1:8010/admin.php/huayan/index/down/id/129.html [运行时间：0.187011s][吞吐率：5.35req/s] [内存消耗：12,805.79kb] [文件加载：123]
[ info ] [ CACHE ] INIT File
[ info ] [ LANG ] F:\web\huayan\thinkphp\lang\zh-cn.php
[ info ] [ ROUTE ] array (
  'type' => 'module',
  'module' => 
  array (
    0 => 'huayan',
    1 => 'index',
    2 => 'down',
  ),
)
[ info ] [ HEADER ] array (
  'host' => '127.0.0.1:8010',
  'connection' => 'keep-alive',
  'cache-control' => 'max-age=0',
  'accept' => 'text/html,application/xhtml+xml,application/xml;q=0.9,image/webp,*/*;q=0.8',
  'upgrade-insecure-requests' => '1',
  'user-agent' => 'Mozilla/5.0 (Windows NT 6.1; WOW64) AppleWebKit/537.36 (KHTML, like Gecko) Chrome/50.0.2661.102 Safari/537.36',
  'referer' => 'http://127.0.0.1:8010/admin.php/huayan/index/hylist.html',
  'accept-encoding' => 'gzip, deflate, sdch',
  'accept-language' => 'zh-CN,zh;q=0.8',
  'cookie' => 'PHPSESSID=1485rjc4f8jrtfbq8n601h2jf4; dolphin_home___forward__=%2Fadmin.php%2Fadmin%2Fmenu%2Findex%2Fgroup%2Fhuayan.html',
)
[ info ] [ PARAM ] array (
  'id' => '129',
)
[ info ] [ DB ] INIT mysql
[ info ] [ BEHAVIOR ] Run app\common\behavior\Config @app_begin [ RunTime:0.038002s ]
[ info ] [ BEHAVIOR ] Run app\common\behavior\Hook @app_begin [ RunTime:0.018001s ]
[ info ] [ SESSION ] INIT array (
  'id' => '',
  'var_session_id' => '',
  'prefix' => 'dolphin_admin_',
  'type' => '',
  'auto_start' => true,
)
[ info ] [ RUN ] app\huayan\admin\Index->down[ F:\web\huayan\application\huayan\admin\Index.php ]
[ info ] [ LOG ] INIT File
[ sql ] [ DB ] CONNECT:[ UseTime:0.010000s ] mysql:dbname=huayan;host=127.0.0.1;port=3306;charset=utf8
[ sql ] [ SQL ] SHOW COLUMNS FROM `hy_admin_config` [ RunTime:0.004001s ]
[ sql ] [ SQL ] SELECT `name`,`value`,`type` FROM `hy_admin_config` [ RunTime:0.000000s ]
[ sql ] [ SQL ] SHOW COLUMNS FROM `hy_admin_module` [ RunTime:0.004000s ]
[ sql ] [ SQL ] SELECT `name`,`config` FROM `hy_admin_module` WHERE  `config` <> '' [ RunTime:0.001000s ]
[ sql ] [ SQL ] SHOW COLUMNS FROM `hy_admin_hook` [ RunTime:0.004000s ]
[ sql ] [ SQL ] SELECT `name`,`status` FROM `hy_admin_hook` WHERE  `status` = 1 [ RunTime:0.000000s ]
[ sql ] [ SQL ] SHOW COLUMNS FROM `hy_admin_plugin` [ RunTime:0.004001s ]
[ sql ] [ SQL ] SELECT `name`,`status` FROM `hy_admin_plugin` WHERE  `status` = 1 [ RunTime:0.000000s ]
[ sql ] [ SQL ] SHOW COLUMNS FROM `hy_admin_hook_plugin` [ RunTime:0.004000s ]
[ sql ] [ SQL ] SELECT * FROM `hy_admin_hook_plugin` WHERE  `status` = 1 ORDER BY hook,sort [ RunTime:0.001000s ]
[ sql ] [ SQL ] SHOW COLUMNS FROM `hy_admin_menu` [ RunTime:0.004000s ]
[ sql ] [ SQL ] SELECT `id`,`pid`,`module`,`title`,`url_value`,`url_type`,`url_target`,`icon` FROM `hy_admin_menu` WHERE  `status` = 1  AND `pid` = 0 ORDER BY sort,id LIMIT 10 [ RunTime:0.000000s ]
[ sql ] [ SQL ] SELECT `id`,`pid`,`module`,`title`,`url_value`,`url_type`,`url_target`,`icon` FROM `hy_admin_menu` WHERE  `status` = 1  AND `pid` = 0 ORDER BY sort,id [ RunTime:0.000000s ]
[ sql ] [ SQL ] SELECT `id` FROM `hy_admin_menu` WHERE  `pid` <> 0  AND `url_value` = 'huayan/index/down' LIMIT 1 [ RunTime:0.000000s ]
[ sql ] [ SQL ] SELECT `id`,`pid`,`title`,`url_value` FROM `hy_admin_menu` [ RunTime:0.000000s ]
[ sql ] [ SQL ] SELECT `id`,`pid`,`module`,`title`,`url_value`,`url_type`,`url_target`,`icon` FROM `hy_admin_menu` WHERE  `status` = 1  AND `module` = 'huayan' ORDER BY sort,id [ RunTime:0.001000s ]
[ sql ] [ SQL ] SELECT `id` FROM `hy_admin_menu` WHERE  `pid` <> 0  AND `url_value` = 'huayan/index/down' LIMIT 1 [ RunTime:0.001000s ]
[ sql ] [ SQL ] SELECT `id`,`pid`,`title`,`url_value` FROM `hy_admin_menu` [ RunTime:0.001000s ]
[ sql ] [ SQL ] SELECT `value` FROM `hy_admin_config` WHERE  `id` = 1 LIMIT 1 [ RunTime:0.000000s ]
[ sql ] [ SQL ] SHOW COLUMNS FROM `hy_huayan_article` [ RunTime:0.005000s ]
[ sql ] [ SQL ] SELECT * FROM `hy_huayan_article` WHERE  `id` = 129 [ RunTime:0.000000s ]
